[2026-03-29 00:33:20] INFO: 
╔══════════════════════════════════════════════════════════╗
║          DIGITAL LIBRARY MANAGEMENT SYSTEM               ║
║                  Server Started                          ║
╠══════════════════════════════════════════════════════════╣
║  Environment : development                              ║
║  Port        : 5000                                     ║
║  API Base    : http://localhost:5000/api                      ║
║  Health      : http://localhost:5000/api/health                ║
╚══════════════════════════════════════════════════════════╝
    
[2026-03-29 17:41:29] INFO: 
╔══════════════════════════════════════════════════════════╗
║          DIGITAL LIBRARY MANAGEMENT SYSTEM               ║
║                  Server Started                          ║
╠══════════════════════════════════════════════════════════╣
║  Environment : development                              ║
║  Port        : 5000                                     ║
║  API Base    : http://localhost:5000/api                      ║
║  Health      : http://localhost:5000/api/health                ║
╚══════════════════════════════════════════════════════════╝
    
[2026-03-29 18:39:58] ERROR: 400 - `Student` is not a valid enum value for path `role`. - /api/auth/register - POST - ::1
[2026-03-29 19:03:38] ERROR: Uncaught Exception: listen EADDRINUSE: address already in use :::5000
[2026-03-29 19:04:15] ERROR: 400 - `Student` is not a valid enum value for path `role`. - /api/auth/register - POST - ::1
[2026-03-29 19:05:23] INFO: 
╔══════════════════════════════════════════════════════════╗
║          DIGITAL LIBRARY MANAGEMENT SYSTEM               ║
║                  Server Started                          ║
╠══════════════════════════════════════════════════════════╣
║  Environment : development                              ║
║  Port        : 5000                                     ║
║  API Base    : http://localhost:5000/api                      ║
║  Health      : http://localhost:5000/api/health                ║
╚══════════════════════════════════════════════════════════╝
    
[2026-03-29 19:05:31] INFO: 
╔══════════════════════════════════════════════════════════╗
║          DIGITAL LIBRARY MANAGEMENT SYSTEM               ║
║                  Server Started                          ║
╠══════════════════════════════════════════════════════════╣
║  Environment : development                              ║
║  Port        : 5000                                     ║
║  API Base    : http://localhost:5000/api                      ║
║  Health      : http://localhost:5000/api/health                ║
╚══════════════════════════════════════════════════════════╝
    
[2026-03-29 19:05:44] INFO: 
╔══════════════════════════════════════════════════════════╗
║          DIGITAL LIBRARY MANAGEMENT SYSTEM               ║
║                  Server Started                          ║
╠══════════════════════════════════════════════════════════╣
║  Environment : development                              ║
║  Port        : 5000                                     ║
║  API Base    : http://localhost:5000/api                      ║
║  Health      : http://localhost:5000/api/health                ║
╚══════════════════════════════════════════════════════════╝
    
[2026-03-29 19:05:57] INFO: 
╔══════════════════════════════════════════════════════════╗
║          DIGITAL LIBRARY MANAGEMENT SYSTEM               ║
║                  Server Started                          ║
╠══════════════════════════════════════════════════════════╣
║  Environment : development                              ║
║  Port        : 5000                                     ║
║  API Base    : http://localhost:5000/api                      ║
║  Health      : http://localhost:5000/api/health                ║
╚══════════════════════════════════════════════════════════╝
    
[2026-03-29 19:06:12] INFO: 
╔══════════════════════════════════════════════════════════╗
║          DIGITAL LIBRARY MANAGEMENT SYSTEM               ║
║                  Server Started                          ║
╠══════════════════════════════════════════════════════════╣
║  Environment : development                              ║
║  Port        : 5000                                     ║
║  API Base    : http://localhost:5000/api                      ║
║  Health      : http://localhost:5000/api/health                ║
╚══════════════════════════════════════════════════════════╝
    
[2026-03-29 21:35:21] INFO: 
╔══════════════════════════════════════════════════════════╗
║          DIGITAL LIBRARY MANAGEMENT SYSTEM               ║
║                  Server Started                          ║
╠══════════════════════════════════════════════════════════╣
║  Environment : development                              ║
║  Port        : 5000                                     ║
║  API Base    : http://localhost:5000/api                      ║
║  Health      : http://localhost:5000/api/health                ║
╚══════════════════════════════════════════════════════════╝
    
[2026-03-29 21:35:21] ERROR: Uncaught Exception: listen EADDRINUSE: address already in use :::5000
[2026-03-29 21:36:39] ERROR: Uncaught Exception: listen EADDRINUSE: address already in use :::5000
[2026-03-29 21:37:13] INFO: 
╔══════════════════════════════════════════════════════════╗
║          DIGITAL LIBRARY MANAGEMENT SYSTEM               ║
║                  Server Started                          ║
╠══════════════════════════════════════════════════════════╣
║  Environment : development                              ║
║  Port        : 5000                                     ║
║  API Base    : http://localhost:5000/api                      ║
║  Health      : http://localhost:5000/api/health                ║
╚══════════════════════════════════════════════════════════╝
    
[2026-03-29 21:37:38] INFO: 
╔══════════════════════════════════════════════════════════╗
║          DIGITAL LIBRARY MANAGEMENT SYSTEM               ║
║                  Server Started                          ║
╠══════════════════════════════════════════════════════════╣
║  Environment : development                              ║
║  Port        : 5000                                     ║
║  API Base    : http://localhost:5000/api                      ║
║  Health      : http://localhost:5000/api/health                ║
╚══════════════════════════════════════════════════════════╝
    
[2026-03-29 21:49:25] INFO: SIGINT received. Starting graceful shutdown...
[2026-03-29 21:49:32] INFO: 
╔══════════════════════════════════════════════════════════╗
║          DIGITAL LIBRARY MANAGEMENT SYSTEM               ║
║                  Server Started                          ║
╠══════════════════════════════════════════════════════════╣
║  Environment : development                              ║
║  Port        : 5000                                     ║
║  API Base    : http://localhost:5000/api                      ║
║  Health      : http://localhost:5000/api/health                ║
╚══════════════════════════════════════════════════════════╝
    
[2026-03-29 21:49:42] ERROR: Uncaught Exception: listen EADDRINUSE: address already in use :::5000
[2026-03-29 21:49:54] ERROR: Uncaught Exception: listen EADDRINUSE: address already in use :::5000
[2026-03-29 23:03:19] ERROR: 409 - Duplicate value for field: studentId - /api/auth/register - POST - ::1
[2026-03-29 23:03:37] ERROR: 409 - Duplicate value for field: studentId - /api/auth/register - POST - ::1
[2026-03-29 23:04:02] ERROR: 409 - Duplicate value for field: studentId - /api/auth/register - POST - ::1
[2026-03-29 23:04:14] ERROR: 409 - Duplicate value for field: studentId - /api/auth/register - POST - ::1
[2026-03-29 23:05:19] ERROR: 409 - Duplicate value for field: studentId - /api/auth/register - POST - ::1
[2026-03-29 23:05:31] ERROR: 409 - Duplicate value for field: studentId - /api/auth/register - POST - ::1
[2026-03-29 23:05:34] ERROR: 409 - Duplicate value for field: studentId - /api/auth/register - POST - ::1
[2026-03-29 23:06:23] ERROR: 409 - Duplicate value for field: studentId - /api/auth/register - POST - ::1
[2026-03-29 23:11:52] INFO: 
╔══════════════════════════════════════════════════════════╗
║          DIGITAL LIBRARY MANAGEMENT SYSTEM               ║
║                  Server Started                          ║
╠══════════════════════════════════════════════════════════╣
║  Environment : development                              ║
║  Port        : 5000                                     ║
║  API Base    : http://localhost:5000/api                      ║
║  Health      : http://localhost:5000/api/health                ║
╚══════════════════════════════════════════════════════════╝
    
[2026-03-29 23:18:02] ERROR: Uncaught Exception: listen EADDRINUSE: address already in use :::5000
[2026-03-29 23:18:19] ERROR: Uncaught Exception: listen EADDRINUSE: address already in use :::5000
[2026-03-29 23:26:31] ERROR: Uncaught Exception: listen EADDRINUSE: address already in use :::5000
[2026-03-29 23:26:53] INFO: SIGINT received. Starting graceful shutdown...
[2026-03-29 23:27:06] INFO: 
╔══════════════════════════════════════════════════════════╗
║          DIGITAL LIBRARY MANAGEMENT SYSTEM               ║
║                  Server Started                          ║
╠══════════════════════════════════════════════════════════╣
║  Environment : development                              ║
║  Port        : 5000                                     ║
║  API Base    : http://localhost:5000/api                      ║
║  Health      : http://localhost:5000/api/health                ║
╚══════════════════════════════════════════════════════════╝
    
[2026-03-29 23:40:25] ERROR: 400 - Expected property name or '}' in JSON at position 1 (line 1 column 2) - /api/auth/register - POST - ::1
[2026-03-30 12:13:47] INFO: 
╔══════════════════════════════════════════════════════════╗
║          DIGITAL LIBRARY MANAGEMENT SYSTEM               ║
║                  Server Started                          ║
╠══════════════════════════════════════════════════════════╣
║  Environment : development                              ║
║  Port        : 5000                                     ║
║  API Base    : http://localhost:5000/api                      ║
║  Health      : http://localhost:5000/api/health                ║
╚══════════════════════════════════════════════════════════╝
    
[2026-03-30 12:36:19] INFO: SIGINT received. Starting graceful shutdown...
[2026-03-30 13:08:06] INFO: 
╔══════════════════════════════════════════════════════════╗
║          DIGITAL LIBRARY MANAGEMENT SYSTEM               ║
║                  Server Started                          ║
╠══════════════════════════════════════════════════════════╣
║  Environment : development                              ║
║  Port        : 5000                                     ║
║  API Base    : http://localhost:5000/api                      ║
║  Health      : http://localhost:5000/api/health                ║
╚══════════════════════════════════════════════════════════╝
    
[2026-03-30 13:32:21] INFO: SIGINT received. Starting graceful shutdown...
[2026-03-30 13:44:53] INFO: 
╔══════════════════════════════════════════════════════════╗
║          DIGITAL LIBRARY MANAGEMENT SYSTEM               ║
║                  Server Started                          ║
╠══════════════════════════════════════════════════════════╣
║  Environment : development                              ║
║  Port        : 5000                                     ║
║  API Base    : http://localhost:5000/api                      ║
║  Health      : http://localhost:5000/api/health                ║
╚══════════════════════════════════════════════════════════╝
    
[2026-03-30 13:51:44] INFO: 
╔══════════════════════════════════════════════════════════╗
║          DIGITAL LIBRARY MANAGEMENT SYSTEM               ║
║                  Server Started                          ║
╠══════════════════════════════════════════════════════════╣
║  Environment : development                              ║
║  Port        : 5000                                     ║
║  API Base    : http://localhost:5000/api                      ║
║  Health      : http://localhost:5000/api/health                ║
╚══════════════════════════════════════════════════════════╝
    
[2026-03-30 13:58:16] INFO: 
╔══════════════════════════════════════════════════════════╗
║          DIGITAL LIBRARY MANAGEMENT SYSTEM               ║
║                  Server Started                          ║
╠══════════════════════════════════════════════════════════╣
║  Environment : development                              ║
║  Port        : 5000                                     ║
║  API Base    : http://localhost:5000/api                      ║
║  Health      : http://localhost:5000/api/health                ║
╚══════════════════════════════════════════════════════════╝
    
[2026-03-30 17:27:00] INFO: 
╔══════════════════════════════════════════════════════════╗
║          DIGITAL LIBRARY MANAGEMENT SYSTEM               ║
║                  Server Started                          ║
╠══════════════════════════════════════════════════════════╣
║  Environment : development                              ║
║  Port        : 5000                                     ║
║  API Base    : http://localhost:5000/api                      ║
║  Health      : http://localhost:5000/api/health                ║
╚══════════════════════════════════════════════════════════╝
    
[2026-03-30 17:27:56] INFO: 
╔══════════════════════════════════════════════════════════╗
║          DIGITAL LIBRARY MANAGEMENT SYSTEM               ║
║                  Server Started                          ║
╠══════════════════════════════════════════════════════════╣
║  Environment : development                              ║
║  Port        : 5000                                     ║
║  API Base    : http://localhost:5000/api                      ║
║  Health      : http://localhost:5000/api/health                ║
╚══════════════════════════════════════════════════════════╝
    
[2026-03-30 17:32:50] INFO: 
╔══════════════════════════════════════════════════════════╗
║          DIGITAL LIBRARY MANAGEMENT SYSTEM               ║
║                  Server Started                          ║
╠══════════════════════════════════════════════════════════╣
║  Environment : development                              ║
║  Port        : 5000                                     ║
║  API Base    : http://localhost:5000/api                      ║
║  Health      : http://localhost:5000/api/health                ║
╚══════════════════════════════════════════════════════════╝
    
[2026-03-30 18:20:30] INFO: 
╔══════════════════════════════════════════════════════════╗
║          DIGITAL LIBRARY MANAGEMENT SYSTEM               ║
║                  Server Started                          ║
╠══════════════════════════════════════════════════════════╣
║  Environment : development                              ║
║  Port        : 5000                                     ║
║  API Base    : http://localhost:5000/api                      ║
║  Health      : http://localhost:5000/api/health                ║
╚══════════════════════════════════════════════════════════╝
    
[2026-03-30 18:22:34] INFO: SIGINT received. Starting graceful shutdown...
[2026-03-30 18:37:22] INFO: 
╔══════════════════════════════════════════════════════════╗
║          DIGITAL LIBRARY MANAGEMENT SYSTEM               ║
║                  Server Started                          ║
╠══════════════════════════════════════════════════════════╣
║  Environment : development                              ║
║  Port        : 5000                                     ║
║  API Base    : http://localhost:5000/api                      ║
║  Health      : http://localhost:5000/api/health                ║
╚══════════════════════════════════════════════════════════╝
    
[2026-03-30 19:16:58] INFO: 
╔══════════════════════════════════════════════════════════╗
║          DIGITAL LIBRARY MANAGEMENT SYSTEM               ║
║                  Server Started                          ║
╠══════════════════════════════════════════════════════════╣
║  Environment : development                              ║
║  Port        : 5000                                     ║
║  API Base    : http://localhost:5000/api                      ║
║  Health      : http://localhost:5000/api/health                ║
╚══════════════════════════════════════════════════════════╝
    
[2026-03-30 19:17:07] INFO: 
╔══════════════════════════════════════════════════════════╗
║          DIGITAL LIBRARY MANAGEMENT SYSTEM               ║
║                  Server Started                          ║
╠══════════════════════════════════════════════════════════╣
║  Environment : development                              ║
║  Port        : 5000                                     ║
║  API Base    : http://localhost:5000/api                      ║
║  Health      : http://localhost:5000/api/health                ║
╚══════════════════════════════════════════════════════════╝
    
[2026-03-30 19:17:58] INFO: SIGINT received. Starting graceful shutdown...
[2026-03-30 19:20:23] INFO: 
╔══════════════════════════════════════════════════════════╗
║          DIGITAL LIBRARY MANAGEMENT SYSTEM               ║
║                  Server Started                          ║
╠══════════════════════════════════════════════════════════╣
║  Environment : development                              ║
║  Port        : 5000                                     ║
║  API Base    : http://localhost:5000/api                      ║
║  Health      : http://localhost:5000/api/health                ║
╚══════════════════════════════════════════════════════════╝
    
[2026-03-31 11:53:32] INFO: 
╔══════════════════════════════════════════════════════════╗
║          DIGITAL LIBRARY MANAGEMENT SYSTEM               ║
║                  Server Started                          ║
╠══════════════════════════════════════════════════════════╣
║  Environment : development                              ║
║  Port        : 5000                                     ║
║  API Base    : http://localhost:5000/api                      ║
║  Health      : http://localhost:5000/api/health                ║
╚══════════════════════════════════════════════════════════╝
    
[2026-03-31 11:58:30] INFO: SIGINT received. Starting graceful shutdown...
[2026-03-31 12:11:42] INFO: 
╔══════════════════════════════════════════════════════════╗
║          DIGITAL LIBRARY MANAGEMENT SYSTEM               ║
║                  Server Started                          ║
╠══════════════════════════════════════════════════════════╣
║  Environment : development                              ║
║  Port        : 5000                                     ║
║  API Base    : http://localhost:5000/api                      ║
║  Health      : http://localhost:5000/api/health                ║
╚══════════════════════════════════════════════════════════╝
    
[2026-03-31 12:15:11] INFO: SIGINT received. Starting graceful shutdown...
[2026-03-31 14:05:09] INFO: 
╔══════════════════════════════════════════════════════════╗
║          DIGITAL LIBRARY MANAGEMENT SYSTEM               ║
║                  Server Started                          ║
╠══════════════════════════════════════════════════════════╣
║  Environment : development                              ║
║  Port        : 5000                                     ║
║  API Base    : http://localhost:5000/api                      ║
║  Health      : http://localhost:5000/api/health                ║
╚══════════════════════════════════════════════════════════╝
    
[2026-03-31 14:24:41] INFO: 
╔══════════════════════════════════════════════════════════╗
║          DIGITAL LIBRARY MANAGEMENT SYSTEM               ║
║                  Server Started                          ║
╠══════════════════════════════════════════════════════════╣
║  Environment : development                              ║
║  Port        : 5000                                     ║
║  API Base    : http://localhost:5000/api                      ║
║  Health      : http://localhost:5000/api/health                ║
╚══════════════════════════════════════════════════════════╝
    
[2026-03-31 14:25:03] INFO: 
╔══════════════════════════════════════════════════════════╗
║          DIGITAL LIBRARY MANAGEMENT SYSTEM               ║
║                  Server Started                          ║
╠══════════════════════════════════════════════════════════╣
║  Environment : development                              ║
║  Port        : 5000                                     ║
║  API Base    : http://localhost:5000/api                      ║
║  Health      : http://localhost:5000/api/health                ║
╚══════════════════════════════════════════════════════════╝
    
[2026-03-31 14:25:07] INFO: SIGINT received. Starting graceful shutdown...
[2026-03-31 14:25:41] INFO: 
╔══════════════════════════════════════════════════════════╗
║          DIGITAL LIBRARY MANAGEMENT SYSTEM               ║
║                  Server Started                          ║
╠══════════════════════════════════════════════════════════╣
║  Environment : development                              ║
║  Port        : 5000                                     ║
║  API Base    : http://localhost:5000/api                      ║
║  Health      : http://localhost:5000/api/health                ║
╚══════════════════════════════════════════════════════════╝
    
[2026-03-31 14:27:09] INFO: SIGINT received. Starting graceful shutdown...
[2026-03-31 14:28:38] INFO: 
╔══════════════════════════════════════════════════════════╗
║          DIGITAL LIBRARY MANAGEMENT SYSTEM               ║
║                  Server Started                          ║
╠══════════════════════════════════════════════════════════╣
║  Environment : development                              ║
║  Port        : 5000                                     ║
║  API Base    : http://localhost:5000/api                      ║
║  Health      : http://localhost:5000/api/health                ║
╚══════════════════════════════════════════════════════════╝
    
[2026-03-31 14:28:52] INFO: 
╔══════════════════════════════════════════════════════════╗
║          DIGITAL LIBRARY MANAGEMENT SYSTEM               ║
║                  Server Started                          ║
╠══════════════════════════════════════════════════════════╣
║  Environment : development                              ║
║  Port        : 5000                                     ║
║  API Base    : http://localhost:5000/api                      ║
║  Health      : http://localhost:5000/api/health                ║
╚══════════════════════════════════════════════════════════╝
    
[2026-03-31 14:29:31] INFO: SIGINT received. Starting graceful shutdown...
[2026-03-31 14:32:37] INFO: 
╔══════════════════════════════════════════════════════════╗
║          DIGITAL LIBRARY MANAGEMENT SYSTEM               ║
║                  Server Started                          ║
╠══════════════════════════════════════════════════════════╣
║  Environment : development                              ║
║  Port        : 5000                                     ║
║  API Base    : http://localhost:5000/api                      ║
║  Health      : http://localhost:5000/api/health                ║
╚══════════════════════════════════════════════════════════╝
    
[2026-03-31 14:40:38] INFO: 
╔══════════════════════════════════════════════════════════╗
║          DIGITAL LIBRARY MANAGEMENT SYSTEM               ║
║                  Server Started                          ║
╠══════════════════════════════════════════════════════════╣
║  Environment : development                              ║
║  Port        : 5000                                     ║
║  API Base    : http://localhost:5000/api                      ║
║  Health      : http://localhost:5000/api/health                ║
╚══════════════════════════════════════════════════════════╝
    
[2026-03-31 14:42:43] INFO: SIGINT received. Starting graceful shutdown...
[2026-03-31 14:52:53] INFO: 
╔══════════════════════════════════════════════════════════╗
║          DIGITAL LIBRARY MANAGEMENT SYSTEM               ║
║                  Server Started                          ║
╠══════════════════════════════════════════════════════════╣
║  Environment : development                              ║
║  Port        : 5000                                     ║
║  API Base    : http://localhost:5000/api                      ║
║  Health      : http://localhost:5000/api/health                ║
╚══════════════════════════════════════════════════════════╝
    
[2026-03-31 14:54:18] INFO: SIGINT received. Starting graceful shutdown...
[2026-03-31 15:06:20] INFO: 
╔══════════════════════════════════════════════════════════╗
║          DIGITAL LIBRARY MANAGEMENT SYSTEM               ║
║                  Server Started                          ║
╠══════════════════════════════════════════════════════════╣
║  Environment : development                              ║
║  Port        : 5000                                     ║
║  API Base    : http://localhost:5000/api                      ║
║  Health      : http://localhost:5000/api/health                ║
╚══════════════════════════════════════════════════════════╝
    
[2026-03-31 15:44:16] ERROR: Uncaught Exception: listen EADDRINUSE: address already in use :::5000
[2026-03-31 15:45:27] ERROR: Uncaught Exception: listen EADDRINUSE: address already in use :::5000
[2026-03-31 15:48:24] ERROR: Uncaught Exception: listen EADDRINUSE: address already in use :::5000
[2026-03-31 15:49:21] INFO: 
╔══════════════════════════════════════════════════════════╗
║          DIGITAL LIBRARY MANAGEMENT SYSTEM               ║
║                  Server Started                          ║
╠══════════════════════════════════════════════════════════╣
║  Environment : development                              ║
║  Port        : 5000                                     ║
║  API Base    : http://localhost:5000/api                      ║
║  Health      : http://localhost:5000/api/health                ║
╚══════════════════════════════════════════════════════════╝
    
[2026-03-31 15:49:44] ERROR: Uncaught Exception: listen EADDRINUSE: address already in use :::5000
[2026-03-31 15:53:56] INFO: 
╔══════════════════════════════════════════════════════════╗
║          DIGITAL LIBRARY MANAGEMENT SYSTEM               ║
║                  Server Started                          ║
╠══════════════════════════════════════════════════════════╣
║  Environment : development                              ║
║  Port        : 5000                                     ║
║  API Base    : http://localhost:5000/api                      ║
║  Health      : http://localhost:5000/api/health                ║
╚══════════════════════════════════════════════════════════╝
    
[2026-03-31 15:55:27] INFO: 
╔══════════════════════════════════════════════════════════╗
║          DIGITAL LIBRARY MANAGEMENT SYSTEM               ║
║                  Server Started                          ║
╠══════════════════════════════════════════════════════════╣
║  Environment : development                              ║
║  Port        : 5000                                     ║
║  API Base    : http://localhost:5000/api                      ║
║  Health      : http://localhost:5000/api/health                ║
╚══════════════════════════════════════════════════════════╝
    
[2026-03-31 15:56:26] INFO: 
╔══════════════════════════════════════════════════════════╗
║          DIGITAL LIBRARY MANAGEMENT SYSTEM               ║
║                  Server Started                          ║
╠══════════════════════════════════════════════════════════╣
║  Environment : development                              ║
║  Port        : 5000                                     ║
║  API Base    : http://localhost:5000/api                      ║
║  Health      : http://localhost:5000/api/health                ║
╚══════════════════════════════════════════════════════════╝
    
[2026-03-31 18:10:36] ERROR: MongoDB connect failed (attempt 1/5): connect ECONNREFUSED 127.0.0.1:27017
[2026-03-31 18:10:44] ERROR: MongoDB connect failed (attempt 1/5): bad auth : authentication failed
[2026-03-31 18:10:46] ERROR: MongoDB connect failed (attempt 2/5): bad auth : authentication failed
[2026-03-31 18:10:46] ERROR: MongoDB connect failed (attempt 2/5): connect ECONNREFUSED 127.0.0.1:27017
[2026-03-31 18:10:47] ERROR: MongoDB connect failed (attempt 3/5): bad auth : authentication failed
[2026-03-31 18:10:49] ERROR: MongoDB connect failed (attempt 4/5): bad auth : authentication failed
[2026-03-31 18:10:51] ERROR: MongoDB connect failed (attempt 5/5): bad auth : authentication failed
[2026-03-31 18:10:55] ERROR: MongoDB connect failed (attempt 3/5): connect ECONNREFUSED 127.0.0.1:27017
[2026-03-31 18:11:05] ERROR: MongoDB connect failed (attempt 4/5): connect ECONNREFUSED 127.0.0.1:27017
[2026-03-31 18:11:14] ERROR: MongoDB connect failed (attempt 5/5): connect ECONNREFUSED 127.0.0.1:27017
[2026-03-31 18:11:43] ERROR: MongoDB connect failed (attempt 1/5): bad auth : authentication failed
[2026-03-31 18:11:45] ERROR: MongoDB connect failed (attempt 2/5): bad auth : authentication failed
[2026-03-31 18:11:47] ERROR: MongoDB connect failed (attempt 3/5): bad auth : authentication failed
[2026-03-31 18:11:49] ERROR: MongoDB connect failed (attempt 4/5): bad auth : authentication failed
[2026-03-31 18:11:51] ERROR: MongoDB connect failed (attempt 5/5): bad auth : authentication failed
[2026-03-31 18:14:53] ERROR: MongoDB connect failed (attempt 1/5): bad auth : authentication failed
[2026-03-31 18:14:55] ERROR: MongoDB connect failed (attempt 2/5): bad auth : authentication failed
[2026-03-31 18:14:57] ERROR: MongoDB connect failed (attempt 3/5): bad auth : authentication failed
[2026-03-31 18:14:59] ERROR: MongoDB connect failed (attempt 4/5): bad auth : authentication failed
[2026-03-31 18:15:00] ERROR: MongoDB connect failed (attempt 5/5): bad auth : authentication failed
[2026-03-31 19:23:07] ERROR: MongoDB connect failed (attempt 1/5): bad auth : authentication failed
[2026-03-31 19:23:09] ERROR: MongoDB connect failed (attempt 2/5): bad auth : authentication failed
[2026-03-31 19:23:12] ERROR: MongoDB connect failed (attempt 3/5): bad auth : authentication failed
[2026-03-31 19:23:14] ERROR: MongoDB connect failed (attempt 4/5): bad auth : authentication failed
[2026-03-31 19:23:18] ERROR: MongoDB connect failed (attempt 5/5): bad auth : authentication failed
[2026-03-31 19:27:15] ERROR: MongoDB connect failed (attempt 1/5): bad auth : authentication failed
[2026-03-31 19:27:17] ERROR: MongoDB connect failed (attempt 2/5): bad auth : authentication failed
[2026-03-31 19:27:19] ERROR: MongoDB connect failed (attempt 3/5): bad auth : authentication failed
[2026-03-31 19:27:21] ERROR: MongoDB connect failed (attempt 4/5): bad auth : authentication failed
[2026-03-31 19:27:23] ERROR: MongoDB connect failed (attempt 5/5): bad auth : authentication failed
[2026-03-31 19:29:37] INFO: MongoDB Connected: ac-pkmkpck-shard-00-00.e0lyisl.mongodb.net/digitallibrary
[2026-03-31 19:29:37] INFO: 
╔══════════════════════════════════════════════════════════╗
║          DIGITAL LIBRARY MANAGEMENT SYSTEM               ║
║                  Server Started                          ║
╠══════════════════════════════════════════════════════════╣
║  Environment : development                              ║
║  Port        : 5000                                     ║
║  API Base    : http://localhost:5000/api                      ║
║  Health      : http://localhost:5000/api/health                ║
╚══════════════════════════════════════════════════════════╝
    
[2026-03-31 19:33:08] INFO: MongoDB reconnected
[2026-03-31 19:33:26] INFO: SIGINT received. Starting graceful shutdown...
[2026-03-31 19:47:09] INFO: MongoDB Connected: ac-pkmkpck-shard-00-00.e0lyisl.mongodb.net/digitallibrary
[2026-03-31 19:47:09] INFO: 
╔══════════════════════════════════════════════════════════╗
║          DIGITAL LIBRARY MANAGEMENT SYSTEM               ║
║                  Server Started                          ║
╠══════════════════════════════════════════════════════════╣
║  Environment : development                              ║
║  Port        : 5000                                     ║
║  API Base    : http://localhost:5000/api                      ║
║  Health      : http://localhost:5000/api/health                ║
╚══════════════════════════════════════════════════════════╝
    
[2026-03-31 19:47:09] ERROR: Uncaught Exception: EPIPE: broken pipe, write
[2026-03-31 19:47:09] INFO: UNCAUGHT_EXCEPTION received. Starting graceful shutdown...
[2026-03-31 19:47:09] ERROR: Uncaught Exception: EPIPE: broken pipe, write
[2026-03-31 19:47:09] INFO: UNCAUGHT_EXCEPTION received. Starting graceful shutdown...
[2026-03-31 19:47:09] ERROR: Uncaught Exception: EPIPE: broken pipe, write
[2026-03-31 19:47:09] INFO: UNCAUGHT_EXCEPTION received. Starting graceful shutdown...
[2026-03-31 19:47:09] ERROR: Uncaught Exception: EPIPE: broken pipe, write
[2026-03-31 19:47:09] INFO: UNCAUGHT_EXCEPTION received. Starting graceful shutdown...
[2026-03-31 19:47:09] ERROR: Uncaught Exception: EPIPE: broken pipe, write
[2026-03-31 19:47:09] INFO: UNCAUGHT_EXCEPTION received. Starting graceful shutdown...
[2026-03-31 19:47:09] ERROR: Uncaught Exception: EPIPE: broken pipe, write
[2026-03-31 19:47:09] INFO: UNCAUGHT_EXCEPTION received. Starting graceful shutdown...
[2026-03-31 19:47:09] ERROR: Uncaught Exception: EPIPE: broken pipe, write
[2026-03-31 19:47:09] INFO: UNCAUGHT_EXCEPTION received. Starting graceful shutdown...
[2026-03-31 19:47:09] ERROR: Uncaught Exception: EPIPE: broken pipe, write
[2026-03-31 19:47:09] INFO: UNCAUGHT_EXCEPTION received. Starting graceful shutdown...
[2026-03-31 19:47:09] ERROR: Uncaught Exception: EPIPE: broken pipe, write
[2026-03-31 19:47:09] INFO: UNCAUGHT_EXCEPTION received. Starting graceful shutdown...
[2026-03-31 19:47:09] ERROR: Uncaught Exception: EPIPE: broken pipe, write
[2026-03-31 19:47:09] INFO: UNCAUGHT_EXCEPTION received. Starting graceful shutdown...
[2026-03-31 19:47:09] ERROR: Uncaught Exception: EPIPE: broken pipe, write
[2026-03-31 19:47:09] INFO: UNCAUGHT_EXCEPTION received. Starting graceful shutdown...
[2026-03-31 19:47:09] ERROR: Uncaught Exception: EPIPE: broken pipe, write
[2026-03-31 19:47:09] INFO: UNCAUGHT_EXCEPTION received. Starting graceful shutdown...
[2026-03-31 19:47:09] ERROR: Uncaught Exception: EPIPE: broken pipe, write
[2026-03-31 19:47:09] INFO: UNCAUGHT_EXCEPTION received. Starting graceful shutdown...
[2026-03-31 19:47:09] ERROR: Uncaught Exception: EPIPE: broken pipe, write
[2026-03-31 19:47:09] INFO: UNCAUGHT_EXCEPTION received. Starting graceful shutdown...
[2026-03-31 19:47:09] ERROR: Uncaught Exception: EPIPE: broken pipe, write
[2026-03-31 19:47:09] INFO: UNCAUGHT_EXCEPTION received. Starting graceful shutdown...
[2026-03-31 19:47:09] ERROR: Uncaught Exception: EPIPE: broken pipe, write
[2026-03-31 19:47:09] INFO: UNCAUGHT_EXCEPTION received. Starting graceful shutdown...
[2026-03-31 19:47:09] ERROR: Uncaught Exception: EPIPE: broken pipe, write
[2026-03-31 19:47:09] INFO: UNCAUGHT_EXCEPTION received. Starting graceful shutdown...
[2026-03-31 19:47:09] ERROR: Uncaught Exception: EPIPE: broken pipe, write
[2026-03-31 19:47:09] INFO: UNCAUGHT_EXCEPTION received. Starting graceful shutdown...
[2026-03-31 19:47:09] ERROR: Uncaught Exception: EPIPE: broken pipe, write
[2026-03-31 19:47:09] INFO: UNCAUGHT_EXCEPTION received. Starting graceful shutdown...
[2026-03-31 19:47:09] ERROR: Uncaught Exception: EPIPE: broken pipe, write
[2026-03-31 19:47:09] INFO: UNCAUGHT_EXCEPTION received. Starting graceful shutdown...
[2026-03-31 19:47:09] ERROR: Uncaught Exception: EPIPE: broken pipe, write
[2026-03-31 19:47:09] INFO: UNCAUGHT_EXCEPTION received. Starting graceful shutdown...
[2026-03-31 19:47:09] ERROR: Uncaught Exception: EPIPE: broken pipe, write
[2026-03-31 19:47:09] INFO: UNCAUGHT_EXCEPTION received. Starting graceful shutdown...
[2026-03-31 19:47:09] ERROR: Uncaught Exception: EPIPE: broken pipe, write
[2026-03-31 19:47:09] INFO: UNCAUGHT_EXCEPTION received. Starting graceful shutdown...
[2026-03-31 19:47:09] ERROR: Uncaught Exception: EPIPE: broken pipe, write
[2026-03-31 19:47:09] INFO: UNCAUGHT_EXCEPTION received. Starting graceful shutdown...
[2026-03-31 19:47:09] ERROR: Uncaught Exception: EPIPE: broken pipe, write
[2026-03-31 19:47:09] INFO: UNCAUGHT_EXCEPTION received. Starting graceful shutdown...
[2026-03-31 19:47:09] ERROR: Uncaught Exception: EPIPE: broken pipe, write
[2026-03-31 19:47:09] INFO: UNCAUGHT_EXCEPTION received. Starting graceful shutdown...
[2026-03-31 19:47:09] ERROR: Uncaught Exception: EPIPE: broken pipe, write
[2026-03-31 19:47:09] INFO: UNCAUGHT_EXCEPTION received. Starting graceful shutdown...
[2026-03-31 19:47:09] ERROR: Uncaught Exception: EPIPE: broken pipe, write
[2026-03-31 19:47:09] INFO: UNCAUGHT_EXCEPTION received. Starting graceful shutdown...
[2026-03-31 19:47:09] ERROR: Uncaught Exception: EPIPE: broken pipe, write
[2026-03-31 19:47:09] INFO: UNCAUGHT_EXCEPTION received. Starting graceful shutdown...
[2026-03-31 19:47:09] ERROR: Uncaught Exception: EPIPE: broken pipe, write
[2026-03-31 19:47:09] INFO: UNCAUGHT_EXCEPTION received. Starting graceful shutdown...
[2026-03-31 19:47:09] ERROR: Uncaught Exception: EPIPE: broken pipe, write
[2026-03-31 19:47:09] INFO: UNCAUGHT_EXCEPTION received. Starting graceful shutdown...
[2026-03-31 19:47:09] ERROR: Uncaught Exception: EPIPE: broken pipe, write
[2026-03-31 19:47:09] INFO: UNCAUGHT_EXCEPTION received. Starting graceful shutdown...
[2026-03-31 19:47:09] ERROR: Uncaught Exception: EPIPE: broken pipe, write
[2026-03-31 19:47:09] INFO: UNCAUGHT_EXCEPTION received. Starting graceful shutdown...
[2026-03-31 19:47:09] ERROR: Uncaught Exception: EPIPE: broken pipe, write
[2026-03-31 19:47:09] INFO: UNCAUGHT_EXCEPTION received. Starting graceful shutdown...
[2026-03-31 19:47:09] ERROR: Uncaught Exception: EPIPE: broken pipe, write
[2026-03-31 19:47:09] INFO: UNCAUGHT_EXCEPTION received. Starting graceful shutdown...
[2026-03-31 19:47:09] ERROR: Uncaught Exception: EPIPE: broken pipe, write
[2026-03-31 19:47:09] INFO: UNCAUGHT_EXCEPTION received. Starting graceful shutdown...
[2026-03-31 19:47:09] ERROR: Uncaught Exception: EPIPE: broken pipe, write
[2026-03-31 19:47:09] INFO: UNCAUGHT_EXCEPTION received. Starting graceful shutdown...
[2026-03-31 19:47:09] ERROR: Uncaught Exception: EPIPE: broken pipe, write
[2026-03-31 19:47:09] INFO: UNCAUGHT_EXCEPTION received. Starting graceful shutdown...
[2026-03-31 19:47:09] ERROR: Uncaught Exception: EPIPE: broken pipe, write
[2026-03-31 19:47:09] INFO: UNCAUGHT_EXCEPTION received. Starting graceful shutdown...
[2026-03-31 19:47:09] ERROR: Uncaught Exception: EPIPE: broken pipe, write
[2026-03-31 19:47:09] INFO: UNCAUGHT_EXCEPTION received. Starting graceful shutdown...
[2026-03-31 19:47:09] ERROR: Uncaught Exception: EPIPE: broken pipe, write
[2026-03-31 19:47:09] INFO: UNCAUGHT_EXCEPTION received. Starting graceful shutdown...
[2026-03-31 19:47:09] ERROR: Uncaught Exception: EPIPE: broken pipe, write
[2026-03-31 19:47:09] INFO: UNCAUGHT_EXCEPTION received. Starting graceful shutdown...
[2026-03-31 19:47:09] ERROR: Uncaught Exception: EPIPE: broken pipe, write
[2026-03-31 19:47:09] INFO: UNCAUGHT_EXCEPTION received. Starting graceful shutdown...
[2026-03-31 19:47:09] ERROR: Uncaught Exception: EPIPE: broken pipe, write
[2026-03-31 19:47:09] INFO: UNCAUGHT_EXCEPTION received. Starting graceful shutdown...
[2026-03-31 19:47:09] ERROR: Uncaught Exception: EPIPE: broken pipe, write
[2026-03-31 19:47:09] INFO: UNCAUGHT_EXCEPTION received. Starting graceful shutdown...
[2026-03-31 19:47:09] ERROR: Uncaught Exception: EPIPE: broken pipe, write
[2026-03-31 19:47:09] INFO: UNCAUGHT_EXCEPTION received. Starting graceful shutdown...
[2026-03-31 19:47:09] ERROR: Uncaught Exception: EPIPE: broken pipe, write
[2026-03-31 19:47:09] INFO: UNCAUGHT_EXCEPTION received. Starting graceful shutdown...
[2026-03-31 19:47:09] ERROR: Uncaught Exception: EPIPE: broken pipe, write
[2026-03-31 19:47:09] INFO: UNCAUGHT_EXCEPTION received. Starting graceful shutdown...
[2026-03-31 19:47:09] ERROR: Uncaught Exception: EPIPE: broken pipe, write
[2026-03-31 19:47:09] INFO: UNCAUGHT_EXCEPTION received. Starting graceful shutdown...
[2026-03-31 19:47:09] ERROR: Uncaught Exception: EPIPE: broken pipe, write
[2026-03-31 19:47:09] INFO: UNCAUGHT_EXCEPTION received. Starting graceful shutdown...
[2026-03-31 19:47:09] INFO: MongoDB Connected: ac-pkmkpck-shard-00-00.e0lyisl.mongodb.net/digitallibrary
[2026-03-31 19:47:09] INFO: 
╔══════════════════════════════════════════════════════════╗
║          DIGITAL LIBRARY MANAGEMENT SYSTEM               ║
║                  Server Started                          ║
╠══════════════════════════════════════════════════════════╣
║  Environment : development                              ║
║  Port        : 5000                                     ║
║  API Base    : http://localhost:5000/api                      ║
║  Health      : http://localhost:5000/api/health                ║
╚══════════════════════════════════════════════════════════╝
    
[2026-03-31 19:47:09] ERROR: Uncaught Exception: EPIPE: broken pipe, write
[2026-03-31 19:47:09] INFO: UNCAUGHT_EXCEPTION received. Starting graceful shutdown...
[2026-03-31 19:47:09] ERROR: Uncaught Exception: EPIPE: broken pipe, write
[2026-03-31 19:47:09] INFO: UNCAUGHT_EXCEPTION received. Starting graceful shutdown...
[2026-03-31 19:47:09] ERROR: Uncaught Exception: EPIPE: broken pipe, write
[2026-03-31 19:47:09] INFO: UNCAUGHT_EXCEPTION received. Starting graceful shutdown...
[2026-03-31 19:47:09] ERROR: Uncaught Exception: EPIPE: broken pipe, write
[2026-03-31 19:47:09] INFO: UNCAUGHT_EXCEPTION received. Starting graceful shutdown...
[2026-03-31 19:47:09] ERROR: Uncaught Exception: EPIPE: broken pipe, write
[2026-03-31 19:47:09] INFO: UNCAUGHT_EXCEPTION received. Starting graceful shutdown...
[2026-03-31 19:47:09] ERROR: Uncaught Exception: EPIPE: broken pipe, write
[2026-03-31 19:47:09] INFO: UNCAUGHT_EXCEPTION received. Starting graceful shutdown...
[2026-03-31 19:47:09] ERROR: Uncaught Exception: EPIPE: broken pipe, write
[2026-03-31 19:47:09] INFO: UNCAUGHT_EXCEPTION received. Starting graceful shutdown...
[2026-03-31 19:47:09] ERROR: Uncaught Exception: EPIPE: broken pipe, write
[2026-03-31 19:47:09] INFO: UNCAUGHT_EXCEPTION received. Starting graceful shutdown...
[2026-03-31 19:47:09] ERROR: Uncaught Exception: EPIPE: broken pipe, write
[2026-03-31 19:47:09] INFO: UNCAUGHT_EXCEPTION received. Starting graceful shutdown...
[2026-03-31 19:47:09] ERROR: Uncaught Exception: EPIPE: broken pipe, write
[2026-03-31 19:47:09] INFO: UNCAUGHT_EXCEPTION received. Starting graceful shutdown...
[2026-03-31 19:47:09] ERROR: Uncaught Exception: EPIPE: broken pipe, write
[2026-03-31 19:47:09] INFO: UNCAUGHT_EXCEPTION received. Starting graceful shutdown...
[2026-03-31 19:47:09] ERROR: Uncaught Exception: EPIPE: broken pipe, write
[2026-03-31 19:47:09] INFO: UNCAUGHT_EXCEPTION received. Starting graceful shutdown...
[2026-03-31 19:47:09] ERROR: Uncaught Exception: EPIPE: broken pipe, write
[2026-03-31 19:47:09] INFO: UNCAUGHT_EXCEPTION received. Starting graceful shutdown...
[2026-03-31 19:47:09] ERROR: Uncaught Exception: EPIPE: broken pipe, write
[2026-03-31 19:47:09] INFO: UNCAUGHT_EXCEPTION received. Starting graceful shutdown...
[2026-03-31 19:47:09] ERROR: Uncaught Exception: EPIPE: broken pipe, write
[2026-03-31 19:47:09] INFO: UNCAUGHT_EXCEPTION received. Starting graceful shutdown...
[2026-03-31 19:47:09] ERROR: Uncaught Exception: EPIPE: broken pipe, write
[2026-03-31 19:47:09] INFO: UNCAUGHT_EXCEPTION received. Starting graceful shutdown...
[2026-03-31 19:47:09] ERROR: Uncaught Exception: EPIPE: broken pipe, write
[2026-03-31 19:47:09] INFO: UNCAUGHT_EXCEPTION received. Starting graceful shutdown...
[2026-03-31 19:47:09] ERROR: Uncaught Exception: EPIPE: broken pipe, write
[2026-03-31 19:47:09] INFO: UNCAUGHT_EXCEPTION received. Starting graceful shutdown...
[2026-03-31 19:47:09] ERROR: Uncaught Exception: EPIPE: broken pipe, write
[2026-03-31 19:47:09] INFO: UNCAUGHT_EXCEPTION received. Starting graceful shutdown...
[2026-03-31 19:47:09] ERROR: Uncaught Exception: EPIPE: broken pipe, write
[2026-03-31 19:47:09] INFO: UNCAUGHT_EXCEPTION received. Starting graceful shutdown...
[2026-03-31 19:47:09] ERROR: Uncaught Exception: EPIPE: broken pipe, write
[2026-03-31 19:47:09] INFO: UNCAUGHT_EXCEPTION received. Starting graceful shutdown...
[2026-03-31 19:47:09] ERROR: Uncaught Exception: EPIPE: broken pipe, write
[2026-03-31 19:47:09] INFO: UNCAUGHT_EXCEPTION received. Starting graceful shutdown...
[2026-03-31 19:47:09] ERROR: Uncaught Exception: EPIPE: broken pipe, write
[2026-03-31 19:47:09] INFO: UNCAUGHT_EXCEPTION received. Starting graceful shutdown...
[2026-03-31 19:47:09] ERROR: Uncaught Exception: EPIPE: broken pipe, write
[2026-03-31 19:47:09] INFO: UNCAUGHT_EXCEPTION received. Starting graceful shutdown...
[2026-03-31 19:47:09] ERROR: Uncaught Exception: EPIPE: broken pipe, write
[2026-03-31 19:47:09] INFO: UNCAUGHT_EXCEPTION received. Starting graceful shutdown...
[2026-03-31 19:47:09] ERROR: Uncaught Exception: EPIPE: broken pipe, write
[2026-03-31 19:47:09] INFO: UNCAUGHT_EXCEPTION received. Starting graceful shutdown...
[2026-03-31 19:47:09] ERROR: Uncaught Exception: EPIPE: broken pipe, write
[2026-03-31 19:47:09] INFO: UNCAUGHT_EXCEPTION received. Starting graceful shutdown...
[2026-03-31 19:47:09] ERROR: Uncaught Exception: EPIPE: broken pipe, write
[2026-03-31 19:47:09] INFO: UNCAUGHT_EXCEPTION received. Starting graceful shutdown...
[2026-03-31 19:47:09] ERROR: Uncaught Exception: EPIPE: broken pipe, write
[2026-03-31 19:47:09] INFO: UNCAUGHT_EXCEPTION received. Starting graceful shutdown...
[2026-03-31 19:47:09] ERROR: Uncaught Exception: EPIPE: broken pipe, write
[2026-03-31 19:47:09] INFO: UNCAUGHT_EXCEPTION received. Starting graceful shutdown...
[2026-03-31 19:47:09] ERROR: Uncaught Exception: EPIPE: broken pipe, write
[2026-03-31 19:47:09] INFO: UNCAUGHT_EXCEPTION received. Starting graceful shutdown...
[2026-03-31 19:47:09] ERROR: Uncaught Exception: EPIPE: broken pipe, write
[2026-03-31 19:47:09] INFO: UNCAUGHT_EXCEPTION received. Starting graceful shutdown...
[2026-03-31 19:47:09] ERROR: Uncaught Exception: EPIPE: broken pipe, write
[2026-03-31 19:47:09] INFO: UNCAUGHT_EXCEPTION received. Starting graceful shutdown...
[2026-03-31 19:47:09] ERROR: Uncaught Exception: EPIPE: broken pipe, write
[2026-03-31 19:47:09] INFO: UNCAUGHT_EXCEPTION received. Starting graceful shutdown...
[2026-03-31 19:47:09] ERROR: Uncaught Exception: EPIPE: broken pipe, write
[2026-03-31 19:47:09] INFO: UNCAUGHT_EXCEPTION received. Starting graceful shutdown...
[2026-03-31 19:47:09] ERROR: Uncaught Exception: EPIPE: broken pipe, write
[2026-03-31 19:47:09] INFO: UNCAUGHT_EXCEPTION received. Starting graceful shutdown...
[2026-03-31 19:47:09] ERROR: Uncaught Exception: EPIPE: broken pipe, write
[2026-03-31 19:47:09] INFO: UNCAUGHT_EXCEPTION received. Starting graceful shutdown...
[2026-03-31 19:47:09] ERROR: Uncaught Exception: EPIPE: broken pipe, write
[2026-03-31 19:47:09] INFO: UNCAUGHT_EXCEPTION received. Starting graceful shutdown...
[2026-03-31 19:47:09] ERROR: Uncaught Exception: EPIPE: broken pipe, write
[2026-03-31 19:47:09] INFO: UNCAUGHT_EXCEPTION received. Starting graceful shutdown...
[2026-03-31 19:47:09] ERROR: Uncaught Exception: EPIPE: broken pipe, write
[2026-03-31 19:47:09] INFO: UNCAUGHT_EXCEPTION received. Starting graceful shutdown...
[2026-03-31 19:47:09] ERROR: Uncaught Exception: EPIPE: broken pipe, write
[2026-03-31 19:47:09] INFO: UNCAUGHT_EXCEPTION received. Starting graceful shutdown...
[2026-03-31 19:47:09] ERROR: Uncaught Exception: EPIPE: broken pipe, write
[2026-03-31 19:47:09] INFO: UNCAUGHT_EXCEPTION received. Starting graceful shutdown...
[2026-03-31 19:47:09] ERROR: Uncaught Exception: EPIPE: broken pipe, write
[2026-03-31 19:47:09] INFO: UNCAUGHT_EXCEPTION received. Starting graceful shutdown...
[2026-03-31 19:47:09] ERROR: Uncaught Exception: EPIPE: broken pipe, write
[2026-03-31 19:47:09] INFO: UNCAUGHT_EXCEPTION received. Starting graceful shutdown...
[2026-03-31 19:47:09] ERROR: Uncaught Exception: EPIPE: broken pipe, write
[2026-03-31 19:47:09] INFO: UNCAUGHT_EXCEPTION received. Starting graceful shutdown...
[2026-03-31 19:47:09] ERROR: Uncaught Exception: EPIPE: broken pipe, write
[2026-03-31 19:47:09] INFO: UNCAUGHT_EXCEPTION received. Starting graceful shutdown...
[2026-03-31 19:47:09] ERROR: Uncaught Exception: EPIPE: broken pipe, write
[2026-03-31 19:47:09] INFO: UNCAUGHT_EXCEPTION received. Starting graceful shutdown...
[2026-03-31 19:47:09] ERROR: Uncaught Exception: EPIPE: broken pipe, write
[2026-03-31 19:47:09] INFO: UNCAUGHT_EXCEPTION received. Starting graceful shutdown...
[2026-03-31 19:47:09] ERROR: Uncaught Exception: EPIPE: broken pipe, write
[2026-03-31 19:47:09] INFO: UNCAUGHT_EXCEPTION received. Starting graceful shutdown...
[2026-03-31 19:47:09] ERROR: Uncaught Exception: EPIPE: broken pipe, write
[2026-03-31 19:47:09] INFO: UNCAUGHT_EXCEPTION received. Starting graceful shutdown...
[2026-03-31 19:47:09] ERROR: Uncaught Exception: EPIPE: broken pipe, write
[2026-03-31 19:47:09] INFO: UNCAUGHT_EXCEPTION received. Starting graceful shutdown...
[2026-03-31 19:47:09] ERROR: Uncaught Exception: EPIPE: broken pipe, write
[2026-03-31 19:47:09] INFO: UNCAUGHT_EXCEPTION received. Starting graceful shutdown...
[2026-03-31 19:47:09] ERROR: Uncaught Exception: EPIPE: broken pipe, write
[2026-03-31 19:47:09] INFO: UNCAUGHT_EXCEPTION received. Starting graceful shutdown...
[2026-03-31 19:47:09] ERROR: Uncaught Exception: EPIPE: broken pipe, write
[2026-03-31 19:47:09] INFO: UNCAUGHT_EXCEPTION received. Starting graceful shutdown...
[2026-03-31 19:47:09] ERROR: Uncaught Exception: EPIPE: broken pipe, write
[2026-03-31 19:47:09] INFO: UNCAUGHT_EXCEPTION received. Starting graceful shutdown...
[2026-03-31 19:47:09] ERROR: Uncaught Exception: EPIPE: broken pipe, write
[2026-03-31 19:47:09] INFO: UNCAUGHT_EXCEPTION received. Starting graceful shutdown...
[2026-03-31 19:47:09] ERROR: Uncaught Exception: EPIPE: broken pipe, write
[2026-03-31 19:47:09] INFO: UNCAUGHT_EXCEPTION received. Starting graceful shutdown...
[2026-03-31 19:47:09] ERROR: Uncaught Exception: EPIPE: broken pipe, write
[2026-03-31 19:47:09] INFO: UNCAUGHT_EXCEPTION received. Starting graceful shutdown...
[2026-03-31 19:47:09] ERROR: Uncaught Exception: EPIPE: broken pipe, write
[2026-03-31 19:47:09] INFO: UNCAUGHT_EXCEPTION received. Starting graceful shutdown...
[2026-03-31 19:47:09] ERROR: Uncaught Exception: EPIPE: broken pipe, write
[2026-03-31 19:47:09] INFO: UNCAUGHT_EXCEPTION received. Starting graceful shutdown...
[2026-03-31 19:47:09] ERROR: Uncaught Exception: EPIPE: broken pipe, write
[2026-03-31 19:47:09] INFO: UNCAUGHT_EXCEPTION received. Starting graceful shutdown...
[2026-03-31 19:47:09] ERROR: Uncaught Exception: EPIPE: broken pipe, write
[2026-03-31 19:47:09] INFO: UNCAUGHT_EXCEPTION received. Starting graceful shutdown...
[2026-03-31 19:47:09] ERROR: Uncaught Exception: EPIPE: broken pipe, write
[2026-03-31 19:47:09] INFO: UNCAUGHT_EXCEPTION received. Starting graceful shutdown...
[2026-03-31 19:47:09] ERROR: Uncaught Exception: EPIPE: broken pipe, write
[2026-03-31 19:47:09] INFO: UNCAUGHT_EXCEPTION received. Starting graceful shutdown...
[2026-03-31 19:47:09] ERROR: Uncaught Exception: EPIPE: broken pipe, write
[2026-03-31 19:47:09] INFO: UNCAUGHT_EXCEPTION received. Starting graceful shutdown...
[2026-03-31 19:47:09] ERROR: Uncaught Exception: EPIPE: broken pipe, write
[2026-03-31 19:47:09] INFO: UNCAUGHT_EXCEPTION received. Starting graceful shutdown...
[2026-03-31 19:47:09] ERROR: Uncaught Exception: EPIPE: broken pipe, write
[2026-03-31 19:47:09] INFO: UNCAUGHT_EXCEPTION received. Starting graceful shutdown...
[2026-03-31 19:47:09] ERROR: Uncaught Exception: EPIPE: broken pipe, write
[2026-03-31 19:47:09] INFO: UNCAUGHT_EXCEPTION received. Starting graceful shutdown...
[2026-03-31 19:47:09] ERROR: Uncaught Exception: EPIPE: broken pipe, write
[2026-03-31 19:47:09] INFO: UNCAUGHT_EXCEPTION received. Starting graceful shutdown...
[2026-03-31 19:47:09] ERROR: Uncaught Exception: EPIPE: broken pipe, write
[2026-03-31 19:47:09] INFO: UNCAUGHT_EXCEPTION received. Starting graceful shutdown...
[2026-03-31 19:47:09] ERROR: Uncaught Exception: EPIPE: broken pipe, write
[2026-03-31 19:47:09] INFO: UNCAUGHT_EXCEPTION received. Starting graceful shutdown...
[2026-03-31 19:47:09] ERROR: Uncaught Exception: EPIPE: broken pipe, write
[2026-03-31 19:47:09] INFO: UNCAUGHT_EXCEPTION received. Starting graceful shutdown...
[2026-03-31 19:47:09] ERROR: Uncaught Exception: EPIPE: broken pipe, write
[2026-03-31 19:47:09] INFO: UNCAUGHT_EXCEPTION received. Starting graceful shutdown...
[2026-03-31 19:47:09] ERROR: Uncaught Exception: EPIPE: broken pipe, write
[2026-03-31 19:47:09] INFO: UNCAUGHT_EXCEPTION received. Starting graceful shutdown...
[2026-03-31 19:47:09] ERROR: Uncaught Exception: EPIPE: broken pipe, write
[2026-03-31 19:47:09] INFO: UNCAUGHT_EXCEPTION received. Starting graceful shutdown...
[2026-03-31 19:47:09] ERROR: Uncaught Exception: EPIPE: broken pipe, write
[2026-03-31 19:47:09] INFO: UNCAUGHT_EXCEPTION received. Starting graceful shutdown...
[2026-03-31 19:47:09] ERROR: Uncaught Exception: EPIPE: broken pipe, write
[2026-03-31 19:47:09] INFO: UNCAUGHT_EXCEPTION received. Starting graceful shutdown...
[2026-03-31 19:47:09] ERROR: Uncaught Exception: EPIPE: broken pipe, write
[2026-03-31 19:47:09] INFO: UNCAUGHT_EXCEPTION received. Starting graceful shutdown...
[2026-03-31 19:47:09] ERROR: Uncaught Exception: EPIPE: broken pipe, write
[2026-03-31 19:47:09] INFO: UNCAUGHT_EXCEPTION received. Starting graceful shutdown...
[2026-03-31 19:47:09] ERROR: Uncaught Exception: EPIPE: broken pipe, write
[2026-03-31 19:47:09] INFO: UNCAUGHT_EXCEPTION received. Starting graceful shutdown...
[2026-03-31 19:47:09] ERROR: Uncaught Exception: EPIPE: broken pipe, write
[2026-03-31 19:47:09] INFO: UNCAUGHT_EXCEPTION received. Starting graceful shutdown...
[2026-03-31 19:47:09] ERROR: Uncaught Exception: EPIPE: broken pipe, write
[2026-03-31 19:47:09] INFO: UNCAUGHT_EXCEPTION received. Starting graceful shutdown...
[2026-03-31 19:47:09] ERROR: Uncaught Exception: EPIPE: broken pipe, write
[2026-03-31 19:47:09] INFO: UNCAUGHT_EXCEPTION received. Starting graceful shutdown...
[2026-03-31 19:47:09] ERROR: Uncaught Exception: EPIPE: broken pipe, write
[2026-03-31 19:47:09] INFO: UNCAUGHT_EXCEPTION received. Starting graceful shutdown...
[2026-03-31 19:47:09] ERROR: Uncaught Exception: EPIPE: broken pipe, write
[2026-03-31 19:47:09] INFO: UNCAUGHT_EXCEPTION received. Starting graceful shutdown...
[2026-03-31 19:47:09] ERROR: Uncaught Exception: EPIPE: broken pipe, write
[2026-03-31 19:47:09] INFO: UNCAUGHT_EXCEPTION received. Starting graceful shutdown...
[2026-03-31 19:47:09] ERROR: Uncaught Exception: EPIPE: broken pipe, write
[2026-03-31 19:47:09] INFO: UNCAUGHT_EXCEPTION received. Starting graceful shutdown...
[2026-03-31 19:47:09] ERROR: Uncaught Exception: EPIPE: broken pipe, write
[2026-03-31 19:47:09] INFO: UNCAUGHT_EXCEPTION received. Starting graceful shutdown...
[2026-03-31 19:47:09] ERROR: Uncaught Exception: EPIPE: broken pipe, write
[2026-03-31 19:47:09] INFO: UNCAUGHT_EXCEPTION received. Starting graceful shutdown...
[2026-03-31 19:47:09] ERROR: Uncaught Exception: EPIPE: broken pipe, write
[2026-03-31 19:47:09] INFO: UNCAUGHT_EXCEPTION received. Starting graceful shutdown...
[2026-03-31 19:47:09] ERROR: Uncaught Exception: EPIPE: broken pipe, write
[2026-03-31 19:47:09] INFO: UNCAUGHT_EXCEPTION received. Starting graceful shutdown...
[2026-03-31 19:47:09] ERROR: Uncaught Exception: EPIPE: broken pipe, write
[2026-03-31 19:47:09] INFO: UNCAUGHT_EXCEPTION received. Starting graceful shutdown...
[2026-03-31 19:47:09] ERROR: Uncaught Exception: EPIPE: broken pipe, write
[2026-03-31 19:47:09] INFO: UNCAUGHT_EXCEPTION received. Starting graceful shutdown...
[2026-03-31 19:47:09] ERROR: Uncaught Exception: EPIPE: broken pipe, write
[2026-03-31 19:47:09] INFO: UNCAUGHT_EXCEPTION received. Starting graceful shutdown...
[2026-03-31 19:47:09] ERROR: Uncaught Exception: EPIPE: broken pipe, write
[2026-03-31 19:47:09] INFO: UNCAUGHT_EXCEPTION received. Starting graceful shutdown...
[2026-03-31 19:47:09] ERROR: Uncaught Exception: EPIPE: broken pipe, write
[2026-03-31 19:47:09] INFO: UNCAUGHT_EXCEPTION received. Starting graceful shutdown...
[2026-03-31 19:47:09] ERROR: Uncaught Exception: EPIPE: broken pipe, write
[2026-03-31 19:47:09] INFO: UNCAUGHT_EXCEPTION received. Starting graceful shutdown...
[2026-03-31 19:47:09] ERROR: Uncaught Exception: EPIPE: broken pipe, write
[2026-03-31 19:47:09] INFO: UNCAUGHT_EXCEPTION received. Starting graceful shutdown...
[2026-03-31 19:47:09] ERROR: Uncaught Exception: EPIPE: broken pipe, write
[2026-03-31 19:47:09] INFO: UNCAUGHT_EXCEPTION received. Starting graceful shutdown...
[2026-03-31 19:47:09] ERROR: Uncaught Exception: EPIPE: broken pipe, write
[2026-03-31 19:47:09] INFO: UNCAUGHT_EXCEPTION received. Starting graceful shutdown...
[2026-03-31 19:47:09] ERROR: Uncaught Exception: EPIPE: broken pipe, write
[2026-03-31 19:47:09] INFO: UNCAUGHT_EXCEPTION received. Starting graceful shutdown...
[2026-03-31 19:47:09] ERROR: Uncaught Exception: EPIPE: broken pipe, write
[2026-03-31 19:47:09] INFO: UNCAUGHT_EXCEPTION received. Starting graceful shutdown...
[2026-03-31 19:47:09] ERROR: Uncaught Exception: EPIPE: broken pipe, write
[2026-03-31 19:47:09] INFO: UNCAUGHT_EXCEPTION received. Starting graceful shutdown...
[2026-03-31 19:47:09] ERROR: Uncaught Exception: EPIPE: broken pipe, write
[2026-03-31 19:47:09] INFO: UNCAUGHT_EXCEPTION received. Starting graceful shutdown...
[2026-03-31 19:47:09] ERROR: Uncaught Exception: EPIPE: broken pipe, write
[2026-03-31 19:47:09] INFO: UNCAUGHT_EXCEPTION received. Starting graceful shutdown...
[2026-03-31 19:47:09] ERROR: Uncaught Exception: EPIPE: broken pipe, write
[2026-03-31 19:47:09] INFO: UNCAUGHT_EXCEPTION received. Starting graceful shutdown...
[2026-03-31 19:47:09] ERROR: Uncaught Exception: EPIPE: broken pipe, write
[2026-03-31 19:47:09] INFO: UNCAUGHT_EXCEPTION received. Starting graceful shutdown...
[2026-03-31 19:47:09] ERROR: Uncaught Exception: EPIPE: broken pipe, write
[2026-03-31 19:47:09] INFO: UNCAUGHT_EXCEPTION received. Starting graceful shutdown...
[2026-03-31 19:47:09] ERROR: Uncaught Exception: EPIPE: broken pipe, write
[2026-03-31 19:47:09] INFO: UNCAUGHT_EXCEPTION received. Starting graceful shutdown...
[2026-03-31 19:47:09] ERROR: Uncaught Exception: EPIPE: broken pipe, write
[2026-03-31 19:47:09] INFO: UNCAUGHT_EXCEPTION received. Starting graceful shutdown...
[2026-03-31 19:47:09] ERROR: Uncaught Exception: EPIPE: broken pipe, write
[2026-03-31 19:47:09] INFO: UNCAUGHT_EXCEPTION received. Starting graceful shutdown...
[2026-03-31 19:47:09] ERROR: Uncaught Exception: EPIPE: broken pipe, write
[2026-03-31 19:47:09] INFO: UNCAUGHT_EXCEPTION received. Starting graceful shutdown...
[2026-03-31 19:47:09] ERROR: Uncaught Exception: EPIPE: broken pipe, write
[2026-03-31 19:47:09] INFO: UNCAUGHT_EXCEPTION received. Starting graceful shutdown...
[2026-03-31 19:47:09] ERROR: Uncaught Exception: EPIPE: broken pipe, write
[2026-03-31 19:47:09] INFO: UNCAUGHT_EXCEPTION received. Starting graceful shutdown...
[2026-03-31 19:47:09] ERROR: Uncaught Exception: EPIPE: broken pipe, write
[2026-03-31 19:47:09] INFO: UNCAUGHT_EXCEPTION received. Starting graceful shutdown...
[2026-03-31 19:47:09] ERROR: Uncaught Exception: EPIPE: broken pipe, write
[2026-03-31 19:47:09] INFO: UNCAUGHT_EXCEPTION received. Starting graceful shutdown...
[2026-03-31 19:47:09] ERROR: Uncaught Exception: EPIPE: broken pipe, write
[2026-03-31 19:47:09] INFO: UNCAUGHT_EXCEPTION received. Starting graceful shutdown...
[2026-03-31 19:47:09] ERROR: Uncaught Exception: EPIPE: broken pipe, write
[2026-03-31 19:47:09] INFO: UNCAUGHT_EXCEPTION received. Starting graceful shutdown...
[2026-03-31 19:47:09] ERROR: Uncaught Exception: EPIPE: broken pipe, write
[2026-03-31 19:47:09] INFO: UNCAUGHT_EXCEPTION received. Starting graceful shutdown...
[2026-03-31 19:47:09] ERROR: Uncaught Exception: EPIPE: broken pipe, write
[2026-03-31 19:47:09] INFO: UNCAUGHT_EXCEPTION received. Starting graceful shutdown...
[2026-03-31 19:47:09] ERROR: Uncaught Exception: EPIPE: broken pipe, write
[2026-03-31 19:47:09] INFO: UNCAUGHT_EXCEPTION received. Starting graceful shutdown...
[2026-03-31 19:47:09] ERROR: Uncaught Exception: EPIPE: broken pipe, write
[2026-03-31 19:47:09] INFO: UNCAUGHT_EXCEPTION received. Starting graceful shutdown...
[2026-03-31 19:47:09] ERROR: Uncaught Exception: EPIPE: broken pipe, write
[2026-03-31 19:47:09] INFO: UNCAUGHT_EXCEPTION received. Starting graceful shutdown...
[2026-03-31 19:47:09] ERROR: Uncaught Exception: EPIPE: broken pipe, write
[2026-03-31 19:47:09] INFO: UNCAUGHT_EXCEPTION received. Starting graceful shutdown...
[2026-03-31 19:47:09] ERROR: Uncaught Exception: EPIPE: broken pipe, write
[2026-03-31 19:47:09] INFO: UNCAUGHT_EXCEPTION received. Starting graceful shutdown...
[2026-03-31 19:47:09] ERROR: Uncaught Exception: EPIPE: broken pipe, write
[2026-03-31 19:47:09] INFO: UNCAUGHT_EXCEPTION received. Starting graceful shutdown...
[2026-03-31 19:47:09] ERROR: Uncaught Exception: EPIPE: broken pipe, write
[2026-03-31 19:47:09] INFO: UNCAUGHT_EXCEPTION received. Starting graceful shutdown...
[2026-03-31 19:47:09] ERROR: Uncaught Exception: EPIPE: broken pipe, write
[2026-03-31 19:47:09] INFO: UNCAUGHT_EXCEPTION received. Starting graceful shutdown...
[2026-03-31 19:47:09] ERROR: Uncaught Exception: EPIPE: broken pipe, write
[2026-03-31 19:47:09] INFO: UNCAUGHT_EXCEPTION received. Starting graceful shutdown...
[2026-03-31 19:47:09] ERROR: Uncaught Exception: EPIPE: broken pipe, write
[2026-03-31 19:47:09] INFO: UNCAUGHT_EXCEPTION received. Starting graceful shutdown...
[2026-03-31 19:47:09] ERROR: Uncaught Exception: EPIPE: broken pipe, write
[2026-03-31 19:47:09] INFO: UNCAUGHT_EXCEPTION received. Starting graceful shutdown...
[2026-03-31 19:47:09] ERROR: Uncaught Exception: EPIPE: broken pipe, write
[2026-03-31 19:47:09] INFO: UNCAUGHT_EXCEPTION received. Starting graceful shutdown...
[2026-03-31 19:47:09] ERROR: Uncaught Exception: EPIPE: broken pipe, write
[2026-03-31 19:47:09] INFO: UNCAUGHT_EXCEPTION received. Starting graceful shutdown...
[2026-03-31 19:47:09] ERROR: Uncaught Exception: EPIPE: broken pipe, write
[2026-03-31 19:47:09] INFO: UNCAUGHT_EXCEPTION received. Starting graceful shutdown...
[2026-03-31 19:47:09] ERROR: Uncaught Exception: EPIPE: broken pipe, write
[2026-03-31 19:47:09] INFO: UNCAUGHT_EXCEPTION received. Starting graceful shutdown...
[2026-03-31 19:47:09] ERROR: Uncaught Exception: EPIPE: broken pipe, write
[2026-03-31 19:47:09] INFO: UNCAUGHT_EXCEPTION received. Starting graceful shutdown...
[2026-03-31 19:47:09] ERROR: Uncaught Exception: EPIPE: broken pipe, write
[2026-03-31 19:47:09] INFO: UNCAUGHT_EXCEPTION received. Starting graceful shutdown...
[2026-03-31 19:47:09] ERROR: Uncaught Exception: EPIPE: broken pipe, write
[2026-03-31 19:47:09] INFO: UNCAUGHT_EXCEPTION received. Starting graceful shutdown...
[2026-03-31 19:47:09] ERROR: Uncaught Exception: EPIPE: broken pipe, write
[2026-03-31 19:47:09] INFO: UNCAUGHT_EXCEPTION received. Starting graceful shutdown...
[2026-03-31 19:47:09] ERROR: Uncaught Exception: EPIPE: broken pipe, write
[2026-03-31 19:47:09] INFO: UNCAUGHT_EXCEPTION received. Starting graceful shutdown...
[2026-03-31 19:47:09] ERROR: Uncaught Exception: EPIPE: broken pipe, write
[2026-03-31 19:47:09] INFO: UNCAUGHT_EXCEPTION received. Starting graceful shutdown...
[2026-03-31 19:47:09] ERROR: Uncaught Exception: EPIPE: broken pipe, write
[2026-03-31 19:47:09] INFO: UNCAUGHT_EXCEPTION received. Starting graceful shutdown...
[2026-03-31 19:47:09] ERROR: Uncaught Exception: EPIPE: broken pipe, write
[2026-03-31 19:47:09] INFO: UNCAUGHT_EXCEPTION received. Starting graceful shutdown...
[2026-03-31 19:47:09] ERROR: Uncaught Exception: EPIPE: broken pipe, write
[2026-03-31 19:47:09] INFO: UNCAUGHT_EXCEPTION received. Starting graceful shutdown...
[2026-03-31 19:47:09] ERROR: Uncaught Exception: EPIPE: broken pipe, write
[2026-03-31 19:47:09] INFO: UNCAUGHT_EXCEPTION received. Starting graceful shutdown...
[2026-03-31 19:47:09] ERROR: Uncaught Exception: EPIPE: broken pipe, write
[2026-03-31 19:47:09] INFO: UNCAUGHT_EXCEPTION received. Starting graceful shutdown...
[2026-03-31 19:47:09] ERROR: Uncaught Exception: EPIPE: broken pipe, write
[2026-03-31 19:47:09] INFO: UNCAUGHT_EXCEPTION received. Starting graceful shutdown...
[2026-03-31 19:47:09] ERROR: Uncaught Exception: EPIPE: broken pipe, write
[2026-03-31 19:47:09] INFO: UNCAUGHT_EXCEPTION received. Starting graceful shutdown...
[2026-03-31 19:47:09] ERROR: Uncaught Exception: EPIPE: broken pipe, write
[2026-03-31 19:47:09] INFO: UNCAUGHT_EXCEPTION received. Starting graceful shutdown...
[2026-03-31 19:47:09] ERROR: Uncaught Exception: EPIPE: broken pipe, write
[2026-03-31 19:47:09] INFO: UNCAUGHT_EXCEPTION received. Starting graceful shutdown...
[2026-03-31 19:47:09] ERROR: Uncaught Exception: EPIPE: broken pipe, write
[2026-03-31 19:47:09] INFO: UNCAUGHT_EXCEPTION received. Starting graceful shutdown...
[2026-03-31 19:47:09] ERROR: Uncaught Exception: EPIPE: broken pipe, write
[2026-03-31 19:47:09] INFO: UNCAUGHT_EXCEPTION received. Starting graceful shutdown...
[2026-03-31 19:47:09] ERROR: Uncaught Exception: EPIPE: broken pipe, write
[2026-03-31 19:47:09] INFO: UNCAUGHT_EXCEPTION received. Starting graceful shutdown...
[2026-03-31 19:47:09] ERROR: Uncaught Exception: EPIPE: broken pipe, write
[2026-03-31 19:47:09] INFO: UNCAUGHT_EXCEPTION received. Starting graceful shutdown...
[2026-03-31 19:47:09] ERROR: Uncaught Exception: EPIPE: broken pipe, write
[2026-03-31 19:47:09] INFO: UNCAUGHT_EXCEPTION received. Starting graceful shutdown...
[2026-03-31 19:47:09] ERROR: Uncaught Exception: EPIPE: broken pipe, write
[2026-03-31 19:47:09] INFO: UNCAUGHT_EXCEPTION received. Starting graceful shutdown...
[2026-03-31 19:47:09] ERROR: Uncaught Exception: EPIPE: broken pipe, write
[2026-03-31 19:47:09] INFO: UNCAUGHT_EXCEPTION received. Starting graceful shutdown...
[2026-03-31 19:47:09] ERROR: Uncaught Exception: EPIPE: broken pipe, write
[2026-03-31 19:47:09] INFO: UNCAUGHT_EXCEPTION received. Starting graceful shutdown...
[2026-03-31 19:47:09] ERROR: Uncaught Exception: EPIPE: broken pipe, write
[2026-03-31 19:47:09] INFO: UNCAUGHT_EXCEPTION received. Starting graceful shutdown...
[2026-03-31 19:47:09] ERROR: Uncaught Exception: EPIPE: broken pipe, write
[2026-03-31 19:47:09] INFO: UNCAUGHT_EXCEPTION received. Starting graceful shutdown...
[2026-03-31 19:47:09] ERROR: Uncaught Exception: EPIPE: broken pipe, write
[2026-03-31 19:47:09] INFO: UNCAUGHT_EXCEPTION received. Starting graceful shutdown...
[2026-03-31 19:47:09] ERROR: Uncaught Exception: EPIPE: broken pipe, write
[2026-03-31 19:47:09] INFO: UNCAUGHT_EXCEPTION received. Starting graceful shutdown...
[2026-03-31 19:47:09] ERROR: Uncaught Exception: EPIPE: broken pipe, write
[2026-03-31 19:47:09] INFO: UNCAUGHT_EXCEPTION received. Starting graceful shutdown...
[2026-03-31 19:47:09] ERROR: Uncaught Exception: EPIPE: broken pipe, write
[2026-03-31 19:47:09] INFO: UNCAUGHT_EXCEPTION received. Starting graceful shutdown...
[2026-03-31 19:47:09] ERROR: Uncaught Exception: EPIPE: broken pipe, write
[2026-03-31 19:47:09] INFO: UNCAUGHT_EXCEPTION received. Starting graceful shutdown...
[2026-03-31 19:47:09] ERROR: Uncaught Exception: EPIPE: broken pipe, write
[2026-03-31 19:47:09] INFO: UNCAUGHT_EXCEPTION received. Starting graceful shutdown...
[2026-03-31 19:47:09] ERROR: Uncaught Exception: EPIPE: broken pipe, write
[2026-03-31 19:47:09] INFO: UNCAUGHT_EXCEPTION received. Starting graceful shutdown...
[2026-03-31 19:47:09] ERROR: Uncaught Exception: EPIPE: broken pipe, write
[2026-03-31 19:47:09] INFO: UNCAUGHT_EXCEPTION received. Starting graceful shutdown...
[2026-03-31 19:47:09] ERROR: Uncaught Exception: EPIPE: broken pipe, write
[2026-03-31 19:47:09] INFO: UNCAUGHT_EXCEPTION received. Starting graceful shutdown...
[2026-03-31 19:47:09] ERROR: Uncaught Exception: EPIPE: broken pipe, write
[2026-03-31 19:47:09] INFO: UNCAUGHT_EXCEPTION received. Starting graceful shutdown...
[2026-03-31 19:47:09] ERROR: Uncaught Exception: EPIPE: broken pipe, write
[2026-03-31 19:47:09] INFO: UNCAUGHT_EXCEPTION received. Starting graceful shutdown...
[2026-03-31 19:47:09] ERROR: Uncaught Exception: EPIPE: broken pipe, write
[2026-03-31 19:47:09] INFO: UNCAUGHT_EXCEPTION received. Starting graceful shutdown...
[2026-03-31 19:48:30] INFO: MongoDB Connected: ac-pkmkpck-shard-00-00.e0lyisl.mongodb.net/digitallibrary
[2026-03-31 19:48:30] INFO: 
╔══════════════════════════════════════════════════════════╗
║          DIGITAL LIBRARY MANAGEMENT SYSTEM               ║
║                  Server Started                          ║
╠══════════════════════════════════════════════════════════╣
║  Environment : development                              ║
║  Port        : 5000                                     ║
║  API Base    : http://localhost:5000/api                      ║
║  Health      : http://localhost:5000/api/health                ║
╚══════════════════════════════════════════════════════════╝
    
[2026-03-31 19:48:46] INFO: MongoDB Connected: ac-pkmkpck-shard-00-00.e0lyisl.mongodb.net/digitallibrary
[2026-03-31 19:48:46] INFO: 
╔══════════════════════════════════════════════════════════╗
║          DIGITAL LIBRARY MANAGEMENT SYSTEM               ║
║                  Server Started                          ║
╠══════════════════════════════════════════════════════════╣
║  Environment : development                              ║
║  Port        : 5000                                     ║
║  API Base    : http://localhost:5000/api                      ║
║  Health      : http://localhost:5000/api/health                ║
╚══════════════════════════════════════════════════════════╝
    
[2026-03-31 19:49:27] INFO: MongoDB Connected: ac-pkmkpck-shard-00-00.e0lyisl.mongodb.net/digitallibrary
[2026-03-31 19:49:27] INFO: 
╔══════════════════════════════════════════════════════════╗
║          DIGITAL LIBRARY MANAGEMENT SYSTEM               ║
║                  Server Started                          ║
╠══════════════════════════════════════════════════════════╣
║  Environment : development                              ║
║  Port        : 5000                                     ║
║  API Base    : http://localhost:5000/api                      ║
║  Health      : http://localhost:5000/api/health                ║
╚══════════════════════════════════════════════════════════╝
    
[2026-03-31 19:57:38] INFO: MongoDB reconnected
[2026-03-31 19:57:38] INFO: MongoDB reconnected
[2026-03-31 19:57:44] WARN: MongoDB disconnected
[2026-03-31 19:57:44] INFO: MongoDB reconnected
[2026-03-31 19:58:13] INFO: SIGINT received. Starting graceful shutdown...
[2026-03-31 21:35:44] INFO: MongoDB Connected: ac-pkmkpck-shard-00-00.e0lyisl.mongodb.net/digitallibrary
[2026-03-31 21:35:44] INFO: 
╔══════════════════════════════════════════════════════════╗
║          DIGITAL LIBRARY MANAGEMENT SYSTEM               ║
║                  Server Started                          ║
╠══════════════════════════════════════════════════════════╣
║  Environment : development                              ║
║  Port        : 5000                                     ║
║  API Base    : http://localhost:5000/api                      ║
║  Health      : http://localhost:5000/api/health                ║
╚══════════════════════════════════════════════════════════╝
    
[2026-03-31 22:38:09] INFO: MongoDB Connected: ac-pkmkpck-shard-00-00.e0lyisl.mongodb.net/digitallibrary
[2026-03-31 22:38:09] INFO: 
╔══════════════════════════════════════════════════════════╗
║          DIGITAL LIBRARY MANAGEMENT SYSTEM               ║
║                  Server Started                          ║
╠══════════════════════════════════════════════════════════╣
║  Environment : development                              ║
║  Port        : 5000                                     ║
║  API Base    : http://localhost:5000/api                      ║
║  Health      : http://localhost:5000/api/health                ║
╚══════════════════════════════════════════════════════════╝
    
[2026-03-31 22:41:07] INFO: SIGINT received. Starting graceful shutdown...
[2026-03-31 22:45:50] INFO: MongoDB Connected: ac-pkmkpck-shard-00-00.e0lyisl.mongodb.net/digitallibrary
[2026-03-31 22:45:50] INFO: 
╔══════════════════════════════════════════════════════════╗
║          DIGITAL LIBRARY MANAGEMENT SYSTEM               ║
║                  Server Started                          ║
╠══════════════════════════════════════════════════════════╣
║  Environment : development                              ║
║  Port        : 5000                                     ║
║  API Base    : http://localhost:5000/api                      ║
║  Health      : http://localhost:5000/api/health                ║
╚══════════════════════════════════════════════════════════╝
    
[2026-03-31 22:48:49] INFO: SIGINT received. Starting graceful shutdown...
[2026-03-31 22:49:38] INFO: MongoDB Connected: ac-pkmkpck-shard-00-00.e0lyisl.mongodb.net/digitallibrary
[2026-03-31 22:49:38] INFO: 
╔══════════════════════════════════════════════════════════╗
║          DIGITAL LIBRARY MANAGEMENT SYSTEM               ║
║                  Server Started                          ║
╠══════════════════════════════════════════════════════════╣
║  Environment : development                              ║
║  Port        : 5000                                     ║
║  API Base    : http://localhost:5000/api                      ║
║  Health      : http://localhost:5000/api/health                ║
╚══════════════════════════════════════════════════════════╝
    
[2026-03-31 22:55:58] ERROR: MongoDB connect failed (attempt 1/5): option buffermaxentries is not supported
[2026-03-31 22:55:58] INFO: Retrying MongoDB connection in 1607ms...
[2026-03-31 22:55:59] ERROR: MongoDB connect failed (attempt 2/5): option buffermaxentries is not supported
[2026-03-31 22:55:59] INFO: Retrying MongoDB connection in 3041ms...
[2026-03-31 22:56:02] ERROR: MongoDB connect failed (attempt 3/5): option buffermaxentries is not supported
[2026-03-31 22:56:02] INFO: Retrying MongoDB connection in 6104ms...
[2026-03-31 22:56:08] ERROR: MongoDB connect failed (attempt 4/5): option buffermaxentries is not supported
[2026-03-31 22:56:08] INFO: Retrying MongoDB connection in 12216ms...
[2026-03-31 22:56:21] ERROR: MongoDB connect failed (attempt 5/5): option buffermaxentries is not supported
[2026-03-31 22:56:47] INFO: MongoDB Connected: ac-pkmkpck-shard-00-00.e0lyisl.mongodb.net/digitallibrary
[2026-03-31 22:56:47] INFO: 
╔══════════════════════════════════════════════════════════╗
║          DIGITAL LIBRARY MANAGEMENT SYSTEM               ║
║                  Server Started                          ║
╠══════════════════════════════════════════════════════════╣
║  Environment : development                              ║
║  Port        : 5000                                     ║
║  API Base    : http://localhost:5000/api                      ║
║  Health      : http://localhost:5000/api/health                ║
╚══════════════════════════════════════════════════════════╝
    
[2026-03-31 22:58:12] INFO: Login attempt for: om12@gmail.com
[2026-03-31 22:58:14] INFO: Login successful: om12@gmail.com
[2026-03-31 22:58:39] INFO: SIGINT received. Starting graceful shutdown...
[2026-03-31 23:02:31] INFO: MongoDB Connected: ac-pkmkpck-shard-00-00.e0lyisl.mongodb.net/digitallibrary
[2026-03-31 23:02:31] INFO: 
╔══════════════════════════════════════════════════════════╗
║          DIGITAL LIBRARY MANAGEMENT SYSTEM               ║
║                  Server Started                          ║
╠══════════════════════════════════════════════════════════╣
║  Environment : development                              ║
║  Port        : 5000                                     ║
║  API Base    : http://localhost:5000/api                      ║
║  Health      : http://localhost:5000/api/health                ║
╚══════════════════════════════════════════════════════════╝
    
[2026-03-31 23:03:07] INFO: SIGINT received. Starting graceful shutdown...
[2026-03-31 23:03:56] INFO: MongoDB Connected: ac-pkmkpck-shard-00-00.e0lyisl.mongodb.net/digitallibrary
[2026-03-31 23:03:56] INFO: 
╔══════════════════════════════════════════════════════════╗
║          DIGITAL LIBRARY MANAGEMENT SYSTEM               ║
║                  Server Started                          ║
╠══════════════════════════════════════════════════════════╣
║  Environment : development                              ║
║  Port        : 5000                                     ║
║  API Base    : http://localhost:5000/api                      ║
║  Health      : http://localhost:5000/api/health                ║
╚══════════════════════════════════════════════════════════╝
    
[2026-03-31 23:04:21] INFO: Login attempt for: om12@gmail.com
[2026-03-31 23:04:22] WARN: Login failed - password mismatch: om12@gmail.com
[2026-03-31 23:04:30] INFO: Login attempt for: om12@gmail.com
[2026-03-31 23:04:30] INFO: Login successful: om12@gmail.com
[2026-03-31 23:09:03] INFO: MongoDB Connected: ac-pkmkpck-shard-00-00.e0lyisl.mongodb.net/digitallibrary
[2026-03-31 23:09:03] INFO: 
╔══════════════════════════════════════════════════════════╗
║          DIGITAL LIBRARY MANAGEMENT SYSTEM               ║
║                  Server Started                          ║
╠══════════════════════════════════════════════════════════╣
║  Environment : development                              ║
║  Port        : 5000                                     ║
║  API Base    : http://localhost:5000/api                      ║
║  Health      : http://localhost:5000/api/health                ║
╚══════════════════════════════════════════════════════════╝
    
[2026-03-31 23:09:38] INFO: Login attempt for: om12@gmail.com
[2026-03-31 23:09:39] INFO: Login successful: om12@gmail.com
[2026-03-31 23:10:18] INFO: Login attempt for: pawan12@gmail.com
[2026-03-31 23:10:18] INFO: Login successful: pawan12@gmail.com
[2026-04-03 10:54:30] INFO: MongoDB Connected: ac-pkmkpck-shard-00-00.e0lyisl.mongodb.net/digitallibrary
[2026-04-03 10:54:30] INFO: 
╔══════════════════════════════════════════════════════════╗
║          DIGITAL LIBRARY MANAGEMENT SYSTEM               ║
║                  Server Started                          ║
╠══════════════════════════════════════════════════════════╣
║  Environment : development                              ║
║  Port        : 5000                                     ║
║  API Base    : http://localhost:5000/api                      ║
║  Health      : http://localhost:5000/api/health                ║
╚══════════════════════════════════════════════════════════╝
    
[2026-04-03 10:55:32] INFO: Login attempt for: om12@gmail.com
[2026-04-03 10:55:33] INFO: Login successful: om12@gmail.com
[2026-04-03 11:05:47] INFO: MongoDB Connected: ac-pkmkpck-shard-00-00.e0lyisl.mongodb.net/digitallibrary
[2026-04-03 11:05:47] INFO: 
╔══════════════════════════════════════════════════════════╗
║          DIGITAL LIBRARY MANAGEMENT SYSTEM               ║
║                  Server Started                          ║
╠══════════════════════════════════════════════════════════╣
║  Environment : development                              ║
║  Port        : 5000                                     ║
║  API Base    : http://localhost:5000/api                      ║
║  Health      : http://localhost:5000/api/health                ║
╚══════════════════════════════════════════════════════════╝
    
[2026-04-03 11:06:45] INFO: Login attempt for: pawan12@gmail.com
[2026-04-03 11:06:45] INFO: Login successful: pawan12@gmail.com
[2026-04-03 11:07:29] INFO: Login attempt for: Admin01
[2026-04-03 11:07:30] INFO: Login successful: Admin01
[2026-04-03 11:08:07] INFO: Login attempt for: om@gmail.com
[2026-04-03 11:08:07] WARN: Login failed - user not found or inactive: om@gmail.com
[2026-04-03 11:08:13] INFO: Login attempt for: om12@gmail.com
[2026-04-03 11:08:14] INFO: Login successful: om12@gmail.com
[2026-04-03 11:08:49] INFO: SIGINT received. Starting graceful shutdown...
[2026-04-03 13:08:07] INFO: MongoDB Connected: ac-pkmkpck-shard-00-00.e0lyisl.mongodb.net/digitallibrary
[2026-04-03 13:08:07] INFO: 
╔══════════════════════════════════════════════════════════╗
║          DIGITAL LIBRARY MANAGEMENT SYSTEM               ║
║                  Server Started                          ║
╠══════════════════════════════════════════════════════════╣
║  Environment : development                              ║
║  Port        : 5000                                     ║
║  API Base    : http://localhost:5000/api                      ║
║  Health      : http://localhost:5000/api/health                ║
╚══════════════════════════════════════════════════════════╝
    
[2026-04-03 13:09:45] INFO: Login attempt for: om12@gmail.com
[2026-04-03 13:09:45] INFO: Login successful: om12@gmail.com
[2026-04-03 13:12:12] INFO: Login attempt for: 0425cs231014
[2026-04-03 13:12:12] INFO: Login successful: 0425cs231014
[2026-04-03 13:14:40] INFO: Login attempt for: pawan12@gmail.com
[2026-04-03 13:14:41] INFO: Login successful: pawan12@gmail.com
[2026-04-03 13:18:37] INFO: SIGINT received. Starting graceful shutdown...
[2026-04-03 13:18:55] INFO: MongoDB Connected: ac-pkmkpck-shard-00-00.e0lyisl.mongodb.net/digitallibrary
[2026-04-03 13:18:55] INFO: 
╔══════════════════════════════════════════════════════════╗
║          DIGITAL LIBRARY MANAGEMENT SYSTEM               ║
║                  Server Started                          ║
╠══════════════════════════════════════════════════════════╣
║  Environment : development                              ║
║  Port        : 5000                                     ║
║  API Base    : http://localhost:5000/api                      ║
║  Health      : http://localhost:5000/api/health                ║
╚══════════════════════════════════════════════════════════╝
    
[2026-04-03 13:18:58] INFO: Login attempt for: Admin01
[2026-04-03 13:18:58] INFO: Login successful: Admin01
[2026-04-03 13:20:03] INFO: SIGINT received. Starting graceful shutdown...
[2026-04-03 13:55:48] INFO: MongoDB Connected: ac-pkmkpck-shard-00-00.e0lyisl.mongodb.net/digitallibrary
[2026-04-03 13:55:48] INFO: 
╔══════════════════════════════════════════════════════════╗
║          DIGITAL LIBRARY MANAGEMENT SYSTEM               ║
║                  Server Started                          ║
╠══════════════════════════════════════════════════════════╣
║  Environment : development                              ║
║  Port        : 5000                                     ║
║  API Base    : http://localhost:5000/api                      ║
║  Health      : http://localhost:5000/api/health                ║
╚══════════════════════════════════════════════════════════╝
    
[2026-04-03 13:56:53] INFO: Login attempt for: om12@gmail.com
[2026-04-03 13:56:53] INFO: Login successful: om12@gmail.com
[2026-04-03 13:57:38] INFO: MongoDB Connected: ac-pkmkpck-shard-00-00.e0lyisl.mongodb.net/digitallibrary
[2026-04-03 13:57:38] INFO: 
╔══════════════════════════════════════════════════════════╗
║          DIGITAL LIBRARY MANAGEMENT SYSTEM               ║
║                  Server Started                          ║
╠══════════════════════════════════════════════════════════╣
║  Environment : development                              ║
║  Port        : 5000                                     ║
║  API Base    : http://localhost:5000/api                      ║
║  Health      : http://localhost:5000/api/health                ║
╚══════════════════════════════════════════════════════════╝
    
[2026-04-03 14:51:14] INFO: MongoDB Connected: ac-pkmkpck-shard-00-00.e0lyisl.mongodb.net/digitallibrary
[2026-04-03 14:51:14] INFO: 
╔══════════════════════════════════════════════════════════╗
║          DIGITAL LIBRARY MANAGEMENT SYSTEM               ║
║                  Server Started                          ║
╠══════════════════════════════════════════════════════════╣
║  Environment : development                              ║
║  Port        : 5000                                     ║
║  API Base    : http://localhost:5000/api                      ║
║  Health      : http://localhost:5000/api/health                ║
╚══════════════════════════════════════════════════════════╝
    
[2026-04-03 14:52:43] INFO: Registration attempt: test@gmail.com
[2026-04-03 14:52:44] INFO: User created: 69cf86e3271a458946446ac1
[2026-04-03 14:54:02] INFO: Login attempt for: pawan12@gmail.com
[2026-04-03 14:54:02] INFO: Login successful: pawan12@gmail.com
[2026-04-03 14:54:53] INFO: Login attempt for: pawan12@gmail.com
[2026-04-03 14:54:54] INFO: Login successful: pawan12@gmail.com
[2026-04-03 14:57:09] INFO: Login attempt for: Admin01
[2026-04-03 14:57:10] INFO: Login successful: Admin01
[2026-04-03 15:02:04] INFO: SIGINT received. Starting graceful shutdown...
[2026-04-03 15:02:22] INFO: MongoDB Connected: ac-pkmkpck-shard-00-00.e0lyisl.mongodb.net/digitallibrary
[2026-04-03 15:02:23] INFO: 
╔══════════════════════════════════════════════════════════╗
║          DIGITAL LIBRARY MANAGEMENT SYSTEM               ║
║                  Server Started                          ║
╠══════════════════════════════════════════════════════════╣
║  Environment : development                              ║
║  Port        : 5000                                     ║
║  API Base    : http://localhost:5000/api                      ║
║  Health      : http://localhost:5000/api/health                ║
╚══════════════════════════════════════════════════════════╝
    
[2026-04-03 15:02:27] INFO: Login attempt for: Admin01
[2026-04-03 15:02:28] INFO: Login successful: Admin01
[2026-04-03 15:03:56] INFO: Login attempt for: 0425cs231051
[2026-04-03 15:03:56] WARN: Login failed - user not found or inactive: 0425cs231051
[2026-04-03 15:04:06] INFO: Login attempt for: 0425cs231051
[2026-04-03 15:04:06] WARN: Login failed - user not found or inactive: 0425cs231051
[2026-04-03 15:04:07] INFO: Login attempt for: 0425cs231051
[2026-04-03 15:04:07] WARN: Login failed - user not found or inactive: 0425cs231051
[2026-04-03 15:04:07] INFO: Login attempt for: 0425cs231051
[2026-04-03 15:04:07] WARN: Login failed - user not found or inactive: 0425cs231051
[2026-04-03 15:04:07] INFO: Login attempt for: 0425cs231051
[2026-04-03 15:04:07] WARN: Login failed - user not found or inactive: 0425cs231051
[2026-04-03 15:04:14] INFO: Login attempt for: 0425cs231051
[2026-04-03 15:04:14] WARN: Login failed - user not found or inactive: 0425cs231051
[2026-04-03 15:04:23] INFO: Login attempt for: 0425cs231014
[2026-04-03 15:04:23] INFO: Login successful: 0425cs231014
[2026-04-03 15:04:52] INFO: Login attempt for: test@gmail.com
[2026-04-03 15:04:52] INFO: Login successful: test@gmail.com
[2026-04-03 15:05:54] INFO: SIGINT received. Starting graceful shutdown...
[2026-04-03 15:06:35] INFO: MongoDB Connected: ac-pkmkpck-shard-00-00.e0lyisl.mongodb.net/digitallibrary
[2026-04-03 15:06:35] INFO: 
╔══════════════════════════════════════════════════════════╗
║          DIGITAL LIBRARY MANAGEMENT SYSTEM               ║
║                  Server Started                          ║
╠══════════════════════════════════════════════════════════╣
║  Environment : development                              ║
║  Port        : 5000                                     ║
║  API Base    : http://localhost:5000/api                      ║
║  Health      : http://localhost:5000/api/health                ║
╚══════════════════════════════════════════════════════════╝
    
[2026-04-03 15:07:40] INFO: Login attempt for: Admin01
[2026-04-03 15:07:40] WARN: Login failed - role mismatch. Expected: admin, Got: Student
[2026-04-03 15:07:45] INFO: Login attempt for: Admin01
[2026-04-03 15:07:45] INFO: Login successful: Admin01
[2026-04-03 15:08:04] INFO: Login attempt for: pawan12@gmail.com
[2026-04-03 15:08:04] INFO: Login successful: pawan12@gmail.com
[2026-04-03 15:22:55] INFO: MongoDB Connected: ac-pkmkpck-shard-00-00.e0lyisl.mongodb.net/digitallibrary
[2026-04-03 15:22:55] INFO: 
╔══════════════════════════════════════════════════════════╗
║          DIGITAL LIBRARY MANAGEMENT SYSTEM               ║
║                  Server Started                          ║
╠══════════════════════════════════════════════════════════╣
║  Environment : development                              ║
║  Port        : 5000                                     ║
║  API Base    : http://localhost:5000/api                      ║
║  Health      : http://localhost:5000/api/health                ║
╚══════════════════════════════════════════════════════════╝
    
[2026-04-03 15:24:04] INFO: MongoDB Connected: ac-pkmkpck-shard-00-00.e0lyisl.mongodb.net/digitallibrary
[2026-04-03 15:24:18] INFO: MongoDB Connected: ac-pkmkpck-shard-00-00.e0lyisl.mongodb.net/digitallibrary
[2026-04-03 15:24:47] INFO: MongoDB Connected: ac-pkmkpck-shard-00-00.e0lyisl.mongodb.net/digitallibrary
[2026-04-03 15:24:47] INFO: 
╔══════════════════════════════════════════════════════════╗
║          DIGITAL LIBRARY MANAGEMENT SYSTEM               ║
║                  Server Started                          ║
╠══════════════════════════════════════════════════════════╣
║  Environment : development                              ║
║  Port        : 5000                                     ║
║  API Base    : http://localhost:5000/api                      ║
║  Health      : http://localhost:5000/api/health                ║
╚══════════════════════════════════════════════════════════╝
    
[2026-04-03 15:27:37] INFO: MongoDB Connected: ac-pkmkpck-shard-00-00.e0lyisl.mongodb.net/digitallibrary
[2026-04-03 15:27:37] INFO: 
╔══════════════════════════════════════════════════════════╗
║          DIGITAL LIBRARY MANAGEMENT SYSTEM               ║
║                  Server Started                          ║
╠══════════════════════════════════════════════════════════╣
║  Environment : development                              ║
║  Port        : 5000                                     ║
║  API Base    : http://localhost:5000/api                      ║
║  Health      : http://localhost:5000/api/health                ║
╚══════════════════════════════════════════════════════════╝
    
[2026-04-03 15:28:44] INFO: Login attempt for: om12@gmail.com
[2026-04-03 15:28:45] INFO: Login successful: om12@gmail.com
[2026-04-03 15:29:12] INFO: SIGINT received. Starting graceful shutdown...
[2026-04-03 15:37:52] INFO: MongoDB Connected: ac-pkmkpck-shard-00-00.e0lyisl.mongodb.net/digitallibrary
[2026-04-03 15:37:52] INFO: 
╔══════════════════════════════════════════════════════════╗
║          DIGITAL LIBRARY MANAGEMENT SYSTEM               ║
║                  Server Started                          ║
╠══════════════════════════════════════════════════════════╣
║  Environment : development                              ║
║  Port        : 5000                                     ║
║  API Base    : http://localhost:5000/api                      ║
║  Health      : http://localhost:5000/api/health                ║
╚══════════════════════════════════════════════════════════╝
    
[2026-04-03 15:40:25] INFO: Login attempt for: om12@gmail.com
[2026-04-03 15:40:26] INFO: Login successful: om12@gmail.com
[2026-04-03 15:40:53] ERROR: 409 - Duplicate value for field: student - /api/library-cards/apply - POST - ::1
[2026-04-03 15:40:55] ERROR: 409 - Duplicate value for field: student - /api/library-cards/apply - POST - ::1
[2026-04-03 15:40:56] ERROR: 409 - Duplicate value for field: student - /api/library-cards/apply - POST - ::1
[2026-04-03 15:40:56] ERROR: 409 - Duplicate value for field: student - /api/library-cards/apply - POST - ::1
[2026-04-03 15:40:56] ERROR: 409 - Duplicate value for field: student - /api/library-cards/apply - POST - ::1
[2026-04-03 15:40:57] ERROR: 409 - Duplicate value for field: student - /api/library-cards/apply - POST - ::1
[2026-04-03 15:40:58] ERROR: 409 - Duplicate value for field: student - /api/library-cards/apply - POST - ::1
[2026-04-03 15:41:02] ERROR: 409 - Duplicate value for field: student - /api/library-cards/apply - POST - ::1
[2026-04-03 15:41:03] ERROR: 409 - Duplicate value for field: student - /api/library-cards/apply - POST - ::1
[2026-04-03 15:41:03] ERROR: 409 - Duplicate value for field: student - /api/library-cards/apply - POST - ::1
[2026-04-03 15:41:03] ERROR: 409 - Duplicate value for field: student - /api/library-cards/apply - POST - ::1
[2026-04-03 15:41:26] ERROR: 409 - Duplicate value for field: student - /api/library-cards/apply - POST - ::1
[2026-04-03 15:41:29] ERROR: 409 - Duplicate value for field: student - /api/library-cards/apply - POST - ::1
[2026-04-03 15:41:56] INFO: Login attempt for: 0425cs231014
[2026-04-03 15:41:57] INFO: Login successful: 0425cs231014
[2026-04-03 15:42:17] ERROR: 409 - Duplicate value for field: student - /api/library-cards/apply - POST - ::1
[2026-04-03 15:43:32] ERROR: 409 - Duplicate value for field: student - /api/library-cards/apply - POST - ::1
[2026-04-03 15:45:30] ERROR: 409 - Duplicate value for field: student - /api/library-cards/apply - POST - ::1
[2026-04-03 15:45:38] ERROR: 409 - Duplicate value for field: student - /api/library-cards/apply - POST - ::1
[2026-04-03 15:45:43] ERROR: 409 - Duplicate value for field: student - /api/library-cards/apply - POST - ::1
[2026-04-03 15:45:43] ERROR: 409 - Duplicate value for field: student - /api/library-cards/apply - POST - ::1
[2026-04-03 15:45:44] ERROR: 409 - Duplicate value for field: student - /api/library-cards/apply - POST - ::1
[2026-04-03 15:45:44] ERROR: 409 - Duplicate value for field: student - /api/library-cards/apply - POST - ::1
[2026-04-03 15:45:44] ERROR: 409 - Duplicate value for field: student - /api/library-cards/apply - POST - ::1
[2026-04-03 15:45:45] ERROR: 409 - Duplicate value for field: student - /api/library-cards/apply - POST - ::1
[2026-04-03 15:45:45] ERROR: 409 - Duplicate value for field: student - /api/library-cards/apply - POST - ::1
[2026-04-03 15:45:45] ERROR: 409 - Duplicate value for field: student - /api/library-cards/apply - POST - ::1
[2026-04-03 15:45:46] ERROR: 409 - Duplicate value for field: student - /api/library-cards/apply - POST - ::1
[2026-04-03 15:46:11] INFO: Login attempt for: pawan12@gmail.com
[2026-04-03 15:46:11] INFO: Login successful: pawan12@gmail.com
[2026-04-03 15:46:35] INFO: Login attempt for: Admin01
[2026-04-03 15:46:35] WARN: Login failed - role mismatch. Expected: admin, Got: Student
[2026-04-03 15:46:37] INFO: Login attempt for: Admin01
[2026-04-03 15:46:38] INFO: Login successful: Admin01
[2026-04-03 15:48:29] INFO: SIGINT received. Starting graceful shutdown...
[2026-04-03 18:45:31] INFO: MongoDB Connected: ac-pkmkpck-shard-00-00.e0lyisl.mongodb.net/digitallibrary
[2026-04-03 18:45:31] INFO: 
╔══════════════════════════════════════════════════════════╗
║          DIGITAL LIBRARY MANAGEMENT SYSTEM               ║
║                  Server Started                          ║
╠══════════════════════════════════════════════════════════╣
║  Environment : development                              ║
║  Port        : 5000                                     ║
║  API Base    : http://localhost:5000/api                      ║
║  Health      : http://localhost:5000/api/health                ║
╚══════════════════════════════════════════════════════════╝
    
[2026-04-03 18:46:31] INFO: Login attempt for: om12@gmail.com
[2026-04-03 18:46:32] INFO: Login successful: om12@gmail.com
[2026-04-03 18:48:08] ERROR: 409 - Duplicate value for field: student - /api/library-cards/apply - POST - ::1
[2026-04-03 18:48:10] ERROR: 409 - Duplicate value for field: student - /api/library-cards/apply - POST - ::1
[2026-04-03 18:48:10] ERROR: 409 - Duplicate value for field: student - /api/library-cards/apply - POST - ::1
[2026-04-03 18:48:10] ERROR: 409 - Duplicate value for field: student - /api/library-cards/apply - POST - ::1
[2026-04-03 18:48:11] ERROR: 409 - Duplicate value for field: student - /api/library-cards/apply - POST - ::1
[2026-04-03 18:48:48] ERROR: 409 - Duplicate value for field: student - /api/library-cards/apply - POST - ::1
[2026-04-03 18:48:49] ERROR: 409 - Duplicate value for field: student - /api/library-cards/apply - POST - ::1
[2026-04-03 18:48:49] ERROR: 409 - Duplicate value for field: student - /api/library-cards/apply - POST - ::1
[2026-04-03 18:48:50] ERROR: 409 - Duplicate value for field: student - /api/library-cards/apply - POST - ::1
[2026-04-03 18:48:50] ERROR: 409 - Duplicate value for field: student - /api/library-cards/apply - POST - ::1
[2026-04-03 18:48:50] ERROR: 409 - Duplicate value for field: student - /api/library-cards/apply - POST - ::1
[2026-04-03 18:48:51] ERROR: 409 - Duplicate value for field: student - /api/library-cards/apply - POST - ::1
[2026-04-03 18:48:51] ERROR: 409 - Duplicate value for field: student - /api/library-cards/apply - POST - ::1
[2026-04-03 18:48:52] ERROR: 409 - Duplicate value for field: student - /api/library-cards/apply - POST - ::1
[2026-04-03 18:49:11] INFO: Login attempt for: pawan12@gmail.com
[2026-04-03 18:49:11] WARN: Login failed - password mismatch: pawan12@gmail.com
[2026-04-03 18:49:19] INFO: Login attempt for: pawan12@gmail.com
[2026-04-03 18:49:19] INFO: Login successful: pawan12@gmail.com
[2026-04-03 18:49:46] INFO: Login attempt for: Admin01
[2026-04-03 18:49:46] INFO: Login successful: Admin01
[2026-04-03 18:51:44] INFO: SIGINT received. Starting graceful shutdown...
[2026-04-03 19:26:45] INFO: MongoDB Connected: ac-pkmkpck-shard-00-00.e0lyisl.mongodb.net/digitallibrary
[2026-04-03 19:26:45] INFO: 
╔══════════════════════════════════════════════════════════╗
║          DIGITAL LIBRARY MANAGEMENT SYSTEM               ║
║                  Server Started                          ║
╠══════════════════════════════════════════════════════════╣
║  Environment : development                              ║
║  Port        : 5000                                     ║
║  API Base    : http://localhost:5000/api                      ║
║  Health      : http://localhost:5000/api/health                ║
╚══════════════════════════════════════════════════════════╝
    
[2026-04-03 19:27:34] INFO: Login attempt for: om12@gmail.com
[2026-04-03 19:27:34] INFO: Login successful: om12@gmail.com
[2026-04-03 21:42:01] INFO: MongoDB reconnected
[2026-04-03 21:42:02] INFO: MongoDB reconnected
[2026-04-04 08:44:09] WARN: MongoDB disconnected
[2026-04-04 08:44:09] INFO: MongoDB reconnected
