[2026-03-29 18:39:58] ERROR: 400 - `Student` is not a valid enum value for path `role`. - /api/auth/register - POST - ::1
[2026-03-29 19:03:38] ERROR: Uncaught Exception: listen EADDRINUSE: address already in use :::5000
[2026-03-29 19:04:15] ERROR: 400 - `Student` is not a valid enum value for path `role`. - /api/auth/register - POST - ::1
[2026-03-29 21:35:21] ERROR: Uncaught Exception: listen EADDRINUSE: address already in use :::5000
[2026-03-29 21:36:39] ERROR: Uncaught Exception: listen EADDRINUSE: address already in use :::5000
[2026-03-29 21:49:42] ERROR: Uncaught Exception: listen EADDRINUSE: address already in use :::5000
[2026-03-29 21:49:54] ERROR: Uncaught Exception: listen EADDRINUSE: address already in use :::5000
[2026-03-29 23:03:19] ERROR: 409 - Duplicate value for field: studentId - /api/auth/register - POST - ::1
[2026-03-29 23:03:37] ERROR: 409 - Duplicate value for field: studentId - /api/auth/register - POST - ::1
[2026-03-29 23:04:02] ERROR: 409 - Duplicate value for field: studentId - /api/auth/register - POST - ::1
[2026-03-29 23:04:14] ERROR: 409 - Duplicate value for field: studentId - /api/auth/register - POST - ::1
[2026-03-29 23:05:19] ERROR: 409 - Duplicate value for field: studentId - /api/auth/register - POST - ::1
[2026-03-29 23:05:31] ERROR: 409 - Duplicate value for field: studentId - /api/auth/register - POST - ::1
[2026-03-29 23:05:34] ERROR: 409 - Duplicate value for field: studentId - /api/auth/register - POST - ::1
[2026-03-29 23:06:23] ERROR: 409 - Duplicate value for field: studentId - /api/auth/register - POST - ::1
[2026-03-29 23:18:02] ERROR: Uncaught Exception: listen EADDRINUSE: address already in use :::5000
[2026-03-29 23:18:19] ERROR: Uncaught Exception: listen EADDRINUSE: address already in use :::5000
[2026-03-29 23:26:31] ERROR: Uncaught Exception: listen EADDRINUSE: address already in use :::5000
[2026-03-29 23:40:25] ERROR: 400 - Expected property name or '}' in JSON at position 1 (line 1 column 2) - /api/auth/register - POST - ::1
[2026-03-31 15:44:16] ERROR: Uncaught Exception: listen EADDRINUSE: address already in use :::5000
[2026-03-31 15:45:27] ERROR: Uncaught Exception: listen EADDRINUSE: address already in use :::5000
[2026-03-31 15:48:24] ERROR: Uncaught Exception: listen EADDRINUSE: address already in use :::5000
[2026-03-31 15:49:44] ERROR: Uncaught Exception: listen EADDRINUSE: address already in use :::5000
[2026-03-31 18:10:36] ERROR: MongoDB connect failed (attempt 1/5): connect ECONNREFUSED 127.0.0.1:27017
[2026-03-31 18:10:44] ERROR: MongoDB connect failed (attempt 1/5): bad auth : authentication failed
[2026-03-31 18:10:46] ERROR: MongoDB connect failed (attempt 2/5): bad auth : authentication failed
[2026-03-31 18:10:46] ERROR: MongoDB connect failed (attempt 2/5): connect ECONNREFUSED 127.0.0.1:27017
[2026-03-31 18:10:47] ERROR: MongoDB connect failed (attempt 3/5): bad auth : authentication failed
[2026-03-31 18:10:49] ERROR: MongoDB connect failed (attempt 4/5): bad auth : authentication failed
[2026-03-31 18:10:51] ERROR: MongoDB connect failed (attempt 5/5): bad auth : authentication failed
[2026-03-31 18:10:55] ERROR: MongoDB connect failed (attempt 3/5): connect ECONNREFUSED 127.0.0.1:27017
[2026-03-31 18:11:05] ERROR: MongoDB connect failed (attempt 4/5): connect ECONNREFUSED 127.0.0.1:27017
[2026-03-31 18:11:14] ERROR: MongoDB connect failed (attempt 5/5): connect ECONNREFUSED 127.0.0.1:27017
[2026-03-31 18:11:43] ERROR: MongoDB connect failed (attempt 1/5): bad auth : authentication failed
[2026-03-31 18:11:45] ERROR: MongoDB connect failed (attempt 2/5): bad auth : authentication failed
[2026-03-31 18:11:47] ERROR: MongoDB connect failed (attempt 3/5): bad auth : authentication failed
[2026-03-31 18:11:49] ERROR: MongoDB connect failed (attempt 4/5): bad auth : authentication failed
[2026-03-31 18:11:51] ERROR: MongoDB connect failed (attempt 5/5): bad auth : authentication failed
[2026-03-31 18:14:53] ERROR: MongoDB connect failed (attempt 1/5): bad auth : authentication failed
[2026-03-31 18:14:55] ERROR: MongoDB connect failed (attempt 2/5): bad auth : authentication failed
[2026-03-31 18:14:57] ERROR: MongoDB connect failed (attempt 3/5): bad auth : authentication failed
[2026-03-31 18:14:59] ERROR: MongoDB connect failed (attempt 4/5): bad auth : authentication failed
[2026-03-31 18:15:00] ERROR: MongoDB connect failed (attempt 5/5): bad auth : authentication failed
[2026-03-31 19:23:07] ERROR: MongoDB connect failed (attempt 1/5): bad auth : authentication failed
[2026-03-31 19:23:09] ERROR: MongoDB connect failed (attempt 2/5): bad auth : authentication failed
[2026-03-31 19:23:12] ERROR: MongoDB connect failed (attempt 3/5): bad auth : authentication failed
[2026-03-31 19:23:14] ERROR: MongoDB connect failed (attempt 4/5): bad auth : authentication failed
[2026-03-31 19:23:18] ERROR: MongoDB connect failed (attempt 5/5): bad auth : authentication failed
[2026-03-31 19:27:15] ERROR: MongoDB connect failed (attempt 1/5): bad auth : authentication failed
[2026-03-31 19:27:17] ERROR: MongoDB connect failed (attempt 2/5): bad auth : authentication failed
[2026-03-31 19:27:19] ERROR: MongoDB connect failed (attempt 3/5): bad auth : authentication failed
[2026-03-31 19:27:21] ERROR: MongoDB connect failed (attempt 4/5): bad auth : authentication failed
[2026-03-31 19:27:23] ERROR: MongoDB connect failed (attempt 5/5): bad auth : authentication failed
[2026-03-31 19:47:09] ERROR: Uncaught Exception: EPIPE: broken pipe, write
[2026-03-31 19:47:09] ERROR: Uncaught Exception: EPIPE: broken pipe, write
[2026-03-31 19:47:09] ERROR: Uncaught Exception: EPIPE: broken pipe, write
[2026-03-31 19:47:09] ERROR: Uncaught Exception: EPIPE: broken pipe, write
[2026-03-31 19:47:09] ERROR: Uncaught Exception: EPIPE: broken pipe, write
[2026-03-31 19:47:09] ERROR: Uncaught Exception: EPIPE: broken pipe, write
[2026-03-31 19:47:09] ERROR: Uncaught Exception: EPIPE: broken pipe, write
[2026-03-31 19:47:09] ERROR: Uncaught Exception: EPIPE: broken pipe, write
[2026-03-31 19:47:09] ERROR: Uncaught Exception: EPIPE: broken pipe, write
[2026-03-31 19:47:09] ERROR: Uncaught Exception: EPIPE: broken pipe, write
[2026-03-31 19:47:09] ERROR: Uncaught Exception: EPIPE: broken pipe, write
[2026-03-31 19:47:09] ERROR: Uncaught Exception: EPIPE: broken pipe, write
[2026-03-31 19:47:09] ERROR: Uncaught Exception: EPIPE: broken pipe, write
[2026-03-31 19:47:09] ERROR: Uncaught Exception: EPIPE: broken pipe, write
[2026-03-31 19:47:09] ERROR: Uncaught Exception: EPIPE: broken pipe, write
[2026-03-31 19:47:09] ERROR: Uncaught Exception: EPIPE: broken pipe, write
[2026-03-31 19:47:09] ERROR: Uncaught Exception: EPIPE: broken pipe, write
[2026-03-31 19:47:09] ERROR: Uncaught Exception: EPIPE: broken pipe, write
[2026-03-31 19:47:09] ERROR: Uncaught Exception: EPIPE: broken pipe, write
[2026-03-31 19:47:09] ERROR: Uncaught Exception: EPIPE: broken pipe, write
[2026-03-31 19:47:09] ERROR: Uncaught Exception: EPIPE: broken pipe, write
[2026-03-31 19:47:09] ERROR: Uncaught Exception: EPIPE: broken pipe, write
[2026-03-31 19:47:09] ERROR: Uncaught Exception: EPIPE: broken pipe, write
[2026-03-31 19:47:09] ERROR: Uncaught Exception: EPIPE: broken pipe, write
[2026-03-31 19:47:09] ERROR: Uncaught Exception: EPIPE: broken pipe, write
[2026-03-31 19:47:09] ERROR: Uncaught Exception: EPIPE: broken pipe, write
[2026-03-31 19:47:09] ERROR: Uncaught Exception: EPIPE: broken pipe, write
[2026-03-31 19:47:09] ERROR: Uncaught Exception: EPIPE: broken pipe, write
[2026-03-31 19:47:09] ERROR: Uncaught Exception: EPIPE: broken pipe, write
[2026-03-31 19:47:09] ERROR: Uncaught Exception: EPIPE: broken pipe, write
[2026-03-31 19:47:09] ERROR: Uncaught Exception: EPIPE: broken pipe, write
[2026-03-31 19:47:09] ERROR: Uncaught Exception: EPIPE: broken pipe, write
[2026-03-31 19:47:09] ERROR: Uncaught Exception: EPIPE: broken pipe, write
[2026-03-31 19:47:09] ERROR: Uncaught Exception: EPIPE: broken pipe, write
[2026-03-31 19:47:09] ERROR: Uncaught Exception: EPIPE: broken pipe, write
[2026-03-31 19:47:09] ERROR: Uncaught Exception: EPIPE: broken pipe, write
[2026-03-31 19:47:09] ERROR: Uncaught Exception: EPIPE: broken pipe, write
[2026-03-31 19:47:09] ERROR: Uncaught Exception: EPIPE: broken pipe, write
[2026-03-31 19:47:09] ERROR: Uncaught Exception: EPIPE: broken pipe, write
[2026-03-31 19:47:09] ERROR: Uncaught Exception: EPIPE: broken pipe, write
[2026-03-31 19:47:09] ERROR: Uncaught Exception: EPIPE: broken pipe, write
[2026-03-31 19:47:09] ERROR: Uncaught Exception: EPIPE: broken pipe, write
[2026-03-31 19:47:09] ERROR: Uncaught Exception: EPIPE: broken pipe, write
[2026-03-31 19:47:09] ERROR: Uncaught Exception: EPIPE: broken pipe, write
[2026-03-31 19:47:09] ERROR: Uncaught Exception: EPIPE: broken pipe, write
[2026-03-31 19:47:09] ERROR: Uncaught Exception: EPIPE: broken pipe, write
[2026-03-31 19:47:09] ERROR: Uncaught Exception: EPIPE: broken pipe, write
[2026-03-31 19:47:09] ERROR: Uncaught Exception: EPIPE: broken pipe, write
[2026-03-31 19:47:09] ERROR: Uncaught Exception: EPIPE: broken pipe, write
[2026-03-31 19:47:09] ERROR: Uncaught Exception: EPIPE: broken pipe, write
[2026-03-31 19:47:09] ERROR: Uncaught Exception: EPIPE: broken pipe, write
[2026-03-31 19:47:09] ERROR: Uncaught Exception: EPIPE: broken pipe, write
[2026-03-31 19:47:09] ERROR: Uncaught Exception: EPIPE: broken pipe, write
[2026-03-31 19:47:09] ERROR: Uncaught Exception: EPIPE: broken pipe, write
[2026-03-31 19:47:09] ERROR: Uncaught Exception: EPIPE: broken pipe, write
[2026-03-31 19:47:09] ERROR: Uncaught Exception: EPIPE: broken pipe, write
[2026-03-31 19:47:09] ERROR: Uncaught Exception: EPIPE: broken pipe, write
[2026-03-31 19:47:09] ERROR: Uncaught Exception: EPIPE: broken pipe, write
[2026-03-31 19:47:09] ERROR: Uncaught Exception: EPIPE: broken pipe, write
[2026-03-31 19:47:09] ERROR: Uncaught Exception: EPIPE: broken pipe, write
[2026-03-31 19:47:09] ERROR: Uncaught Exception: EPIPE: broken pipe, write
[2026-03-31 19:47:09] ERROR: Uncaught Exception: EPIPE: broken pipe, write
[2026-03-31 19:47:09] ERROR: Uncaught Exception: EPIPE: broken pipe, write
[2026-03-31 19:47:09] ERROR: Uncaught Exception: EPIPE: broken pipe, write
[2026-03-31 19:47:09] ERROR: Uncaught Exception: EPIPE: broken pipe, write
[2026-03-31 19:47:09] ERROR: Uncaught Exception: EPIPE: broken pipe, write
[2026-03-31 19:47:09] ERROR: Uncaught Exception: EPIPE: broken pipe, write
[2026-03-31 19:47:09] ERROR: Uncaught Exception: EPIPE: broken pipe, write
[2026-03-31 19:47:09] ERROR: Uncaught Exception: EPIPE: broken pipe, write
[2026-03-31 19:47:09] ERROR: Uncaught Exception: EPIPE: broken pipe, write
[2026-03-31 19:47:09] ERROR: Uncaught Exception: EPIPE: broken pipe, write
[2026-03-31 19:47:09] ERROR: Uncaught Exception: EPIPE: broken pipe, write
[2026-03-31 19:47:09] ERROR: Uncaught Exception: EPIPE: broken pipe, write
[2026-03-31 19:47:09] ERROR: Uncaught Exception: EPIPE: broken pipe, write
[2026-03-31 19:47:09] ERROR: Uncaught Exception: EPIPE: broken pipe, write
[2026-03-31 19:47:09] ERROR: Uncaught Exception: EPIPE: broken pipe, write
[2026-03-31 19:47:09] ERROR: Uncaught Exception: EPIPE: broken pipe, write
[2026-03-31 19:47:09] ERROR: Uncaught Exception: EPIPE: broken pipe, write
[2026-03-31 19:47:09] ERROR: Uncaught Exception: EPIPE: broken pipe, write
[2026-03-31 19:47:09] ERROR: Uncaught Exception: EPIPE: broken pipe, write
[2026-03-31 19:47:09] ERROR: Uncaught Exception: EPIPE: broken pipe, write
[2026-03-31 19:47:09] ERROR: Uncaught Exception: EPIPE: broken pipe, write
[2026-03-31 19:47:09] ERROR: Uncaught Exception: EPIPE: broken pipe, write
[2026-03-31 19:47:09] ERROR: Uncaught Exception: EPIPE: broken pipe, write
[2026-03-31 19:47:09] ERROR: Uncaught Exception: EPIPE: broken pipe, write
[2026-03-31 19:47:09] ERROR: Uncaught Exception: EPIPE: broken pipe, write
[2026-03-31 19:47:09] ERROR: Uncaught Exception: EPIPE: broken pipe, write
[2026-03-31 19:47:09] ERROR: Uncaught Exception: EPIPE: broken pipe, write
[2026-03-31 19:47:09] ERROR: Uncaught Exception: EPIPE: broken pipe, write
[2026-03-31 19:47:09] ERROR: Uncaught Exception: EPIPE: broken pipe, write
[2026-03-31 19:47:09] ERROR: Uncaught Exception: EPIPE: broken pipe, write
[2026-03-31 19:47:09] ERROR: Uncaught Exception: EPIPE: broken pipe, write
[2026-03-31 19:47:09] ERROR: Uncaught Exception: EPIPE: broken pipe, write
[2026-03-31 19:47:09] ERROR: Uncaught Exception: EPIPE: broken pipe, write
[2026-03-31 19:47:09] ERROR: Uncaught Exception: EPIPE: broken pipe, write
[2026-03-31 19:47:09] ERROR: Uncaught Exception: EPIPE: broken pipe, write
[2026-03-31 19:47:09] ERROR: Uncaught Exception: EPIPE: broken pipe, write
[2026-03-31 19:47:09] ERROR: Uncaught Exception: EPIPE: broken pipe, write
[2026-03-31 19:47:09] ERROR: Uncaught Exception: EPIPE: broken pipe, write
[2026-03-31 19:47:09] ERROR: Uncaught Exception: EPIPE: broken pipe, write
[2026-03-31 19:47:09] ERROR: Uncaught Exception: EPIPE: broken pipe, write
[2026-03-31 19:47:09] ERROR: Uncaught Exception: EPIPE: broken pipe, write
[2026-03-31 19:47:09] ERROR: Uncaught Exception: EPIPE: broken pipe, write
[2026-03-31 19:47:09] ERROR: Uncaught Exception: EPIPE: broken pipe, write
[2026-03-31 19:47:09] ERROR: Uncaught Exception: EPIPE: broken pipe, write
[2026-03-31 19:47:09] ERROR: Uncaught Exception: EPIPE: broken pipe, write
[2026-03-31 19:47:09] ERROR: Uncaught Exception: EPIPE: broken pipe, write
[2026-03-31 19:47:09] ERROR: Uncaught Exception: EPIPE: broken pipe, write
[2026-03-31 19:47:09] ERROR: Uncaught Exception: EPIPE: broken pipe, write
[2026-03-31 19:47:09] ERROR: Uncaught Exception: EPIPE: broken pipe, write
[2026-03-31 19:47:09] ERROR: Uncaught Exception: EPIPE: broken pipe, write
[2026-03-31 19:47:09] ERROR: Uncaught Exception: EPIPE: broken pipe, write
[2026-03-31 19:47:09] ERROR: Uncaught Exception: EPIPE: broken pipe, write
[2026-03-31 19:47:09] ERROR: Uncaught Exception: EPIPE: broken pipe, write
[2026-03-31 19:47:09] ERROR: Uncaught Exception: EPIPE: broken pipe, write
[2026-03-31 19:47:09] ERROR: Uncaught Exception: EPIPE: broken pipe, write
[2026-03-31 19:47:09] ERROR: Uncaught Exception: EPIPE: broken pipe, write
[2026-03-31 19:47:09] ERROR: Uncaught Exception: EPIPE: broken pipe, write
[2026-03-31 19:47:09] ERROR: Uncaught Exception: EPIPE: broken pipe, write
[2026-03-31 19:47:09] ERROR: Uncaught Exception: EPIPE: broken pipe, write
[2026-03-31 19:47:09] ERROR: Uncaught Exception: EPIPE: broken pipe, write
[2026-03-31 19:47:09] ERROR: Uncaught Exception: EPIPE: broken pipe, write
[2026-03-31 19:47:09] ERROR: Uncaught Exception: EPIPE: broken pipe, write
[2026-03-31 19:47:09] ERROR: Uncaught Exception: EPIPE: broken pipe, write
[2026-03-31 19:47:09] ERROR: Uncaught Exception: EPIPE: broken pipe, write
[2026-03-31 19:47:09] ERROR: Uncaught Exception: EPIPE: broken pipe, write
[2026-03-31 19:47:09] ERROR: Uncaught Exception: EPIPE: broken pipe, write
[2026-03-31 19:47:09] ERROR: Uncaught Exception: EPIPE: broken pipe, write
[2026-03-31 19:47:09] ERROR: Uncaught Exception: EPIPE: broken pipe, write
[2026-03-31 19:47:09] ERROR: Uncaught Exception: EPIPE: broken pipe, write
[2026-03-31 19:47:09] ERROR: Uncaught Exception: EPIPE: broken pipe, write
[2026-03-31 19:47:09] ERROR: Uncaught Exception: EPIPE: broken pipe, write
[2026-03-31 19:47:09] ERROR: Uncaught Exception: EPIPE: broken pipe, write
[2026-03-31 19:47:09] ERROR: Uncaught Exception: EPIPE: broken pipe, write
[2026-03-31 19:47:09] ERROR: Uncaught Exception: EPIPE: broken pipe, write
[2026-03-31 19:47:09] ERROR: Uncaught Exception: EPIPE: broken pipe, write
[2026-03-31 19:47:09] ERROR: Uncaught Exception: EPIPE: broken pipe, write
[2026-03-31 19:47:09] ERROR: Uncaught Exception: EPIPE: broken pipe, write
[2026-03-31 19:47:09] ERROR: Uncaught Exception: EPIPE: broken pipe, write
[2026-03-31 19:47:09] ERROR: Uncaught Exception: EPIPE: broken pipe, write
[2026-03-31 19:47:09] ERROR: Uncaught Exception: EPIPE: broken pipe, write
[2026-03-31 19:47:09] ERROR: Uncaught Exception: EPIPE: broken pipe, write
[2026-03-31 19:47:09] ERROR: Uncaught Exception: EPIPE: broken pipe, write
[2026-03-31 19:47:09] ERROR: Uncaught Exception: EPIPE: broken pipe, write
[2026-03-31 19:47:09] ERROR: Uncaught Exception: EPIPE: broken pipe, write
[2026-03-31 19:47:09] ERROR: Uncaught Exception: EPIPE: broken pipe, write
[2026-03-31 19:47:09] ERROR: Uncaught Exception: EPIPE: broken pipe, write
[2026-03-31 19:47:09] ERROR: Uncaught Exception: EPIPE: broken pipe, write
[2026-03-31 19:47:09] ERROR: Uncaught Exception: EPIPE: broken pipe, write
[2026-03-31 19:47:09] ERROR: Uncaught Exception: EPIPE: broken pipe, write
[2026-03-31 19:47:09] ERROR: Uncaught Exception: EPIPE: broken pipe, write
[2026-03-31 19:47:09] ERROR: Uncaught Exception: EPIPE: broken pipe, write
[2026-03-31 19:47:09] ERROR: Uncaught Exception: EPIPE: broken pipe, write
[2026-03-31 19:47:09] ERROR: Uncaught Exception: EPIPE: broken pipe, write
[2026-03-31 19:47:09] ERROR: Uncaught Exception: EPIPE: broken pipe, write
[2026-03-31 19:47:09] ERROR: Uncaught Exception: EPIPE: broken pipe, write
[2026-03-31 19:47:09] ERROR: Uncaught Exception: EPIPE: broken pipe, write
[2026-03-31 19:47:09] ERROR: Uncaught Exception: EPIPE: broken pipe, write
[2026-03-31 19:47:09] ERROR: Uncaught Exception: EPIPE: broken pipe, write
[2026-03-31 19:47:09] ERROR: Uncaught Exception: EPIPE: broken pipe, write
[2026-03-31 19:47:09] ERROR: Uncaught Exception: EPIPE: broken pipe, write
[2026-03-31 19:47:09] ERROR: Uncaught Exception: EPIPE: broken pipe, write
[2026-03-31 19:47:09] ERROR: Uncaught Exception: EPIPE: broken pipe, write
[2026-03-31 19:47:09] ERROR: Uncaught Exception: EPIPE: broken pipe, write
[2026-03-31 19:47:09] ERROR: Uncaught Exception: EPIPE: broken pipe, write
[2026-03-31 19:47:09] ERROR: Uncaught Exception: EPIPE: broken pipe, write
[2026-03-31 19:47:09] ERROR: Uncaught Exception: EPIPE: broken pipe, write
[2026-03-31 19:47:09] ERROR: Uncaught Exception: EPIPE: broken pipe, write
[2026-03-31 19:47:09] ERROR: Uncaught Exception: EPIPE: broken pipe, write
[2026-03-31 19:47:09] ERROR: Uncaught Exception: EPIPE: broken pipe, write
[2026-03-31 19:47:09] ERROR: Uncaught Exception: EPIPE: broken pipe, write
[2026-03-31 19:47:09] ERROR: Uncaught Exception: EPIPE: broken pipe, write
[2026-03-31 19:47:09] ERROR: Uncaught Exception: EPIPE: broken pipe, write
[2026-03-31 19:47:09] ERROR: Uncaught Exception: EPIPE: broken pipe, write
[2026-03-31 19:47:09] ERROR: Uncaught Exception: EPIPE: broken pipe, write
[2026-03-31 19:47:09] ERROR: Uncaught Exception: EPIPE: broken pipe, write
[2026-03-31 19:47:09] ERROR: Uncaught Exception: EPIPE: broken pipe, write
[2026-03-31 19:47:09] ERROR: Uncaught Exception: EPIPE: broken pipe, write
[2026-03-31 19:47:09] ERROR: Uncaught Exception: EPIPE: broken pipe, write
[2026-03-31 19:47:09] ERROR: Uncaught Exception: EPIPE: broken pipe, write
[2026-03-31 19:47:09] ERROR: Uncaught Exception: EPIPE: broken pipe, write
[2026-03-31 19:47:09] ERROR: Uncaught Exception: EPIPE: broken pipe, write
[2026-03-31 19:47:09] ERROR: Uncaught Exception: EPIPE: broken pipe, write
[2026-03-31 19:47:09] ERROR: Uncaught Exception: EPIPE: broken pipe, write
[2026-03-31 19:47:09] ERROR: Uncaught Exception: EPIPE: broken pipe, write
[2026-03-31 19:47:09] ERROR: Uncaught Exception: EPIPE: broken pipe, write
[2026-03-31 19:47:09] ERROR: Uncaught Exception: EPIPE: broken pipe, write
[2026-03-31 19:47:09] ERROR: Uncaught Exception: EPIPE: broken pipe, write
[2026-03-31 19:47:09] ERROR: Uncaught Exception: EPIPE: broken pipe, write
[2026-03-31 19:47:09] ERROR: Uncaught Exception: EPIPE: broken pipe, write
[2026-03-31 19:47:09] ERROR: Uncaught Exception: EPIPE: broken pipe, write
[2026-03-31 19:47:09] ERROR: Uncaught Exception: EPIPE: broken pipe, write
[2026-03-31 19:47:09] ERROR: Uncaught Exception: EPIPE: broken pipe, write
[2026-03-31 19:47:09] ERROR: Uncaught Exception: EPIPE: broken pipe, write
[2026-03-31 19:47:09] ERROR: Uncaught Exception: EPIPE: broken pipe, write
[2026-03-31 19:47:09] ERROR: Uncaught Exception: EPIPE: broken pipe, write
[2026-03-31 19:47:09] ERROR: Uncaught Exception: EPIPE: broken pipe, write
[2026-03-31 19:47:09] ERROR: Uncaught Exception: EPIPE: broken pipe, write
[2026-03-31 19:47:09] ERROR: Uncaught Exception: EPIPE: broken pipe, write
[2026-03-31 19:47:09] ERROR: Uncaught Exception: EPIPE: broken pipe, write
[2026-03-31 19:47:09] ERROR: Uncaught Exception: EPIPE: broken pipe, write
[2026-03-31 19:47:09] ERROR: Uncaught Exception: EPIPE: broken pipe, write
[2026-03-31 19:47:09] ERROR: Uncaught Exception: EPIPE: broken pipe, write
[2026-03-31 19:47:09] ERROR: Uncaught Exception: EPIPE: broken pipe, write
[2026-03-31 19:47:09] ERROR: Uncaught Exception: EPIPE: broken pipe, write
[2026-03-31 19:47:09] ERROR: Uncaught Exception: EPIPE: broken pipe, write
[2026-03-31 19:47:09] ERROR: Uncaught Exception: EPIPE: broken pipe, write
[2026-03-31 19:47:09] ERROR: Uncaught Exception: EPIPE: broken pipe, write
[2026-03-31 19:47:09] ERROR: Uncaught Exception: EPIPE: broken pipe, write
[2026-03-31 19:47:09] ERROR: Uncaught Exception: EPIPE: broken pipe, write
[2026-03-31 19:47:09] ERROR: Uncaught Exception: EPIPE: broken pipe, write
[2026-03-31 19:47:09] ERROR: Uncaught Exception: EPIPE: broken pipe, write
[2026-03-31 19:47:09] ERROR: Uncaught Exception: EPIPE: broken pipe, write
[2026-03-31 19:47:09] ERROR: Uncaught Exception: EPIPE: broken pipe, write
[2026-03-31 19:47:09] ERROR: Uncaught Exception: EPIPE: broken pipe, write
[2026-03-31 19:47:09] ERROR: Uncaught Exception: EPIPE: broken pipe, write
[2026-03-31 19:47:09] ERROR: Uncaught Exception: EPIPE: broken pipe, write
[2026-03-31 19:47:09] ERROR: Uncaught Exception: EPIPE: broken pipe, write
[2026-03-31 19:47:09] ERROR: Uncaught Exception: EPIPE: broken pipe, write
[2026-03-31 19:47:09] ERROR: Uncaught Exception: EPIPE: broken pipe, write
[2026-03-31 19:47:09] ERROR: Uncaught Exception: EPIPE: broken pipe, write
[2026-03-31 19:47:09] ERROR: Uncaught Exception: EPIPE: broken pipe, write
[2026-03-31 19:47:09] ERROR: Uncaught Exception: EPIPE: broken pipe, write
[2026-03-31 19:47:09] ERROR: Uncaught Exception: EPIPE: broken pipe, write
[2026-03-31 19:47:09] ERROR: Uncaught Exception: EPIPE: broken pipe, write
[2026-03-31 19:47:09] ERROR: Uncaught Exception: EPIPE: broken pipe, write
[2026-03-31 19:47:09] ERROR: Uncaught Exception: EPIPE: broken pipe, write
[2026-03-31 19:47:09] ERROR: Uncaught Exception: EPIPE: broken pipe, write
[2026-03-31 19:47:09] ERROR: Uncaught Exception: EPIPE: broken pipe, write
[2026-03-31 19:47:09] ERROR: Uncaught Exception: EPIPE: broken pipe, write
[2026-03-31 19:47:09] ERROR: Uncaught Exception: EPIPE: broken pipe, write
[2026-03-31 19:47:09] ERROR: Uncaught Exception: EPIPE: broken pipe, write
[2026-03-31 19:47:09] ERROR: Uncaught Exception: EPIPE: broken pipe, write
[2026-03-31 19:47:09] ERROR: Uncaught Exception: EPIPE: broken pipe, write
[2026-03-31 19:47:09] ERROR: Uncaught Exception: EPIPE: broken pipe, write
[2026-03-31 19:47:09] ERROR: Uncaught Exception: EPIPE: broken pipe, write
[2026-03-31 19:47:09] ERROR: Uncaught Exception: EPIPE: broken pipe, write
[2026-03-31 19:47:09] ERROR: Uncaught Exception: EPIPE: broken pipe, write
[2026-03-31 19:47:09] ERROR: Uncaught Exception: EPIPE: broken pipe, write
[2026-03-31 19:47:09] ERROR: Uncaught Exception: EPIPE: broken pipe, write
[2026-03-31 19:47:09] ERROR: Uncaught Exception: EPIPE: broken pipe, write
[2026-03-31 19:47:09] ERROR: Uncaught Exception: EPIPE: broken pipe, write
[2026-03-31 19:47:09] ERROR: Uncaught Exception: EPIPE: broken pipe, write
[2026-03-31 19:47:09] ERROR: Uncaught Exception: EPIPE: broken pipe, write
[2026-03-31 19:47:09] ERROR: Uncaught Exception: EPIPE: broken pipe, write
[2026-03-31 19:47:09] ERROR: Uncaught Exception: EPIPE: broken pipe, write
[2026-03-31 19:47:09] ERROR: Uncaught Exception: EPIPE: broken pipe, write
[2026-03-31 19:47:09] ERROR: Uncaught Exception: EPIPE: broken pipe, write
[2026-03-31 19:47:09] ERROR: Uncaught Exception: EPIPE: broken pipe, write
[2026-03-31 19:47:09] ERROR: Uncaught Exception: EPIPE: broken pipe, write
[2026-03-31 19:47:09] ERROR: Uncaught Exception: EPIPE: broken pipe, write
[2026-03-31 19:47:09] ERROR: Uncaught Exception: EPIPE: broken pipe, write
[2026-03-31 19:47:09] ERROR: Uncaught Exception: EPIPE: broken pipe, write
[2026-03-31 19:47:09] ERROR: Uncaught Exception: EPIPE: broken pipe, write
[2026-03-31 19:47:09] ERROR: Uncaught Exception: EPIPE: broken pipe, write
[2026-03-31 19:47:09] ERROR: Uncaught Exception: EPIPE: broken pipe, write
[2026-03-31 19:47:09] ERROR: Uncaught Exception: EPIPE: broken pipe, write
[2026-03-31 19:47:09] ERROR: Uncaught Exception: EPIPE: broken pipe, write
[2026-03-31 19:47:09] ERROR: Uncaught Exception: EPIPE: broken pipe, write
[2026-03-31 19:47:09] ERROR: Uncaught Exception: EPIPE: broken pipe, write
[2026-03-31 19:47:09] ERROR: Uncaught Exception: EPIPE: broken pipe, write
[2026-03-31 19:47:09] ERROR: Uncaught Exception: EPIPE: broken pipe, write
[2026-03-31 19:47:09] ERROR: Uncaught Exception: EPIPE: broken pipe, write
[2026-03-31 19:47:09] ERROR: Uncaught Exception: EPIPE: broken pipe, write
[2026-03-31 19:47:09] ERROR: Uncaught Exception: EPIPE: broken pipe, write
[2026-03-31 19:47:09] ERROR: Uncaught Exception: EPIPE: broken pipe, write
[2026-03-31 19:47:09] ERROR: Uncaught Exception: EPIPE: broken pipe, write
[2026-03-31 19:47:09] ERROR: Uncaught Exception: EPIPE: broken pipe, write
[2026-03-31 19:47:09] ERROR: Uncaught Exception: EPIPE: broken pipe, write
[2026-03-31 19:47:09] ERROR: Uncaught Exception: EPIPE: broken pipe, write
[2026-03-31 19:47:09] ERROR: Uncaught Exception: EPIPE: broken pipe, write
[2026-03-31 19:47:09] ERROR: Uncaught Exception: EPIPE: broken pipe, write
[2026-03-31 19:47:09] ERROR: Uncaught Exception: EPIPE: broken pipe, write
[2026-03-31 19:47:09] ERROR: Uncaught Exception: EPIPE: broken pipe, write
[2026-03-31 19:47:09] ERROR: Uncaught Exception: EPIPE: broken pipe, write
[2026-03-31 19:47:09] ERROR: Uncaught Exception: EPIPE: broken pipe, write
[2026-03-31 19:47:09] ERROR: Uncaught Exception: EPIPE: broken pipe, write
[2026-03-31 19:47:09] ERROR: Uncaught Exception: EPIPE: broken pipe, write
[2026-03-31 19:47:09] ERROR: Uncaught Exception: EPIPE: broken pipe, write
[2026-03-31 19:47:09] ERROR: Uncaught Exception: EPIPE: broken pipe, write
[2026-03-31 19:47:09] ERROR: Uncaught Exception: EPIPE: broken pipe, write
[2026-03-31 19:47:09] ERROR: Uncaught Exception: EPIPE: broken pipe, write
[2026-03-31 19:47:09] ERROR: Uncaught Exception: EPIPE: broken pipe, write
[2026-03-31 19:47:09] ERROR: Uncaught Exception: EPIPE: broken pipe, write
[2026-03-31 19:47:09] ERROR: Uncaught Exception: EPIPE: broken pipe, write
[2026-03-31 19:47:09] ERROR: Uncaught Exception: EPIPE: broken pipe, write
[2026-03-31 19:47:09] ERROR: Uncaught Exception: EPIPE: broken pipe, write
[2026-03-31 19:47:09] ERROR: Uncaught Exception: EPIPE: broken pipe, write
[2026-03-31 19:47:09] ERROR: Uncaught Exception: EPIPE: broken pipe, write
[2026-03-31 19:47:09] ERROR: Uncaught Exception: EPIPE: broken pipe, write
[2026-03-31 19:47:09] ERROR: Uncaught Exception: EPIPE: broken pipe, write
[2026-03-31 19:47:09] ERROR: Uncaught Exception: EPIPE: broken pipe, write
[2026-03-31 19:47:09] ERROR: Uncaught Exception: EPIPE: broken pipe, write
[2026-03-31 19:47:09] ERROR: Uncaught Exception: EPIPE: broken pipe, write
[2026-03-31 19:47:09] ERROR: Uncaught Exception: EPIPE: broken pipe, write
[2026-03-31 19:47:09] ERROR: Uncaught Exception: EPIPE: broken pipe, write
[2026-03-31 19:47:09] ERROR: Uncaught Exception: EPIPE: broken pipe, write
[2026-03-31 19:47:09] ERROR: Uncaught Exception: EPIPE: broken pipe, write
[2026-03-31 19:47:09] ERROR: Uncaught Exception: EPIPE: broken pipe, write
[2026-03-31 19:47:09] ERROR: Uncaught Exception: EPIPE: broken pipe, write
[2026-03-31 19:47:09] ERROR: Uncaught Exception: EPIPE: broken pipe, write
[2026-03-31 19:47:09] ERROR: Uncaught Exception: EPIPE: broken pipe, write
[2026-03-31 19:47:09] ERROR: Uncaught Exception: EPIPE: broken pipe, write
[2026-03-31 19:47:09] ERROR: Uncaught Exception: EPIPE: broken pipe, write
[2026-03-31 19:47:09] ERROR: Uncaught Exception: EPIPE: broken pipe, write
[2026-03-31 19:47:09] ERROR: Uncaught Exception: EPIPE: broken pipe, write
[2026-03-31 19:47:09] ERROR: Uncaught Exception: EPIPE: broken pipe, write
[2026-03-31 19:47:09] ERROR: Uncaught Exception: EPIPE: broken pipe, write
[2026-03-31 19:47:09] ERROR: Uncaught Exception: EPIPE: broken pipe, write
[2026-03-31 19:47:09] ERROR: Uncaught Exception: EPIPE: broken pipe, write
[2026-03-31 19:47:09] ERROR: Uncaught Exception: EPIPE: broken pipe, write
[2026-03-31 19:47:09] ERROR: Uncaught Exception: EPIPE: broken pipe, write
[2026-03-31 19:47:09] ERROR: Uncaught Exception: EPIPE: broken pipe, write
[2026-03-31 19:47:09] ERROR: Uncaught Exception: EPIPE: broken pipe, write
[2026-03-31 19:47:09] ERROR: Uncaught Exception: EPIPE: broken pipe, write
[2026-03-31 19:47:09] ERROR: Uncaught Exception: EPIPE: broken pipe, write
[2026-03-31 19:47:09] ERROR: Uncaught Exception: EPIPE: broken pipe, write
[2026-03-31 19:47:09] ERROR: Uncaught Exception: EPIPE: broken pipe, write
[2026-03-31 19:47:09] ERROR: Uncaught Exception: EPIPE: broken pipe, write
[2026-03-31 19:47:09] ERROR: Uncaught Exception: EPIPE: broken pipe, write
[2026-03-31 19:47:09] ERROR: Uncaught Exception: EPIPE: broken pipe, write
[2026-03-31 19:47:09] ERROR: Uncaught Exception: EPIPE: broken pipe, write
[2026-03-31 19:47:09] ERROR: Uncaught Exception: EPIPE: broken pipe, write
[2026-03-31 19:47:09] ERROR: Uncaught Exception: EPIPE: broken pipe, write
[2026-03-31 19:47:09] ERROR: Uncaught Exception: EPIPE: broken pipe, write
[2026-03-31 19:47:09] ERROR: Uncaught Exception: EPIPE: broken pipe, write
[2026-03-31 19:47:09] ERROR: Uncaught Exception: EPIPE: broken pipe, write
[2026-03-31 19:47:09] ERROR: Uncaught Exception: EPIPE: broken pipe, write
[2026-03-31 19:47:09] ERROR: Uncaught Exception: EPIPE: broken pipe, write
[2026-03-31 19:47:09] ERROR: Uncaught Exception: EPIPE: broken pipe, write
[2026-03-31 19:47:09] ERROR: Uncaught Exception: EPIPE: broken pipe, write
[2026-03-31 19:47:09] ERROR: Uncaught Exception: EPIPE: broken pipe, write
[2026-03-31 19:47:09] ERROR: Uncaught Exception: EPIPE: broken pipe, write
[2026-03-31 19:47:09] ERROR: Uncaught Exception: EPIPE: broken pipe, write
[2026-03-31 19:47:09] ERROR: Uncaught Exception: EPIPE: broken pipe, write
[2026-03-31 19:47:09] ERROR: Uncaught Exception: EPIPE: broken pipe, write
[2026-03-31 19:47:09] ERROR: Uncaught Exception: EPIPE: broken pipe, write
[2026-03-31 19:47:09] ERROR: Uncaught Exception: EPIPE: broken pipe, write
[2026-03-31 19:47:09] ERROR: Uncaught Exception: EPIPE: broken pipe, write
[2026-03-31 19:47:09] ERROR: Uncaught Exception: EPIPE: broken pipe, write
[2026-03-31 19:47:09] ERROR: Uncaught Exception: EPIPE: broken pipe, write
[2026-03-31 19:47:09] ERROR: Uncaught Exception: EPIPE: broken pipe, write
[2026-03-31 19:47:09] ERROR: Uncaught Exception: EPIPE: broken pipe, write
[2026-03-31 19:47:09] ERROR: Uncaught Exception: EPIPE: broken pipe, write
[2026-03-31 19:47:09] ERROR: Uncaught Exception: EPIPE: broken pipe, write
[2026-03-31 19:47:09] ERROR: Uncaught Exception: EPIPE: broken pipe, write
[2026-03-31 22:55:58] ERROR: MongoDB connect failed (attempt 1/5): option buffermaxentries is not supported
[2026-03-31 22:55:59] ERROR: MongoDB connect failed (attempt 2/5): option buffermaxentries is not supported
[2026-03-31 22:56:02] ERROR: MongoDB connect failed (attempt 3/5): option buffermaxentries is not supported
[2026-03-31 22:56:08] ERROR: MongoDB connect failed (attempt 4/5): option buffermaxentries is not supported
[2026-03-31 22:56:21] ERROR: MongoDB connect failed (attempt 5/5): option buffermaxentries is not supported
[2026-04-03 15:24:04] ERROR: Uncaught Exception: listen EADDRINUSE: address already in use :::5000
[2026-04-03 15:24:18] ERROR: Uncaught Exception: listen EADDRINUSE: address already in use :::5000
[2026-04-03 15:40:53] ERROR: 409 - Duplicate value for field: student - /api/library-cards/apply - POST - ::1
[2026-04-03 15:40:55] ERROR: 409 - Duplicate value for field: student - /api/library-cards/apply - POST - ::1
[2026-04-03 15:40:56] ERROR: 409 - Duplicate value for field: student - /api/library-cards/apply - POST - ::1
[2026-04-03 15:40:56] ERROR: 409 - Duplicate value for field: student - /api/library-cards/apply - POST - ::1
[2026-04-03 15:40:56] ERROR: 409 - Duplicate value for field: student - /api/library-cards/apply - POST - ::1
[2026-04-03 15:40:57] ERROR: 409 - Duplicate value for field: student - /api/library-cards/apply - POST - ::1
[2026-04-03 15:40:58] ERROR: 409 - Duplicate value for field: student - /api/library-cards/apply - POST - ::1
[2026-04-03 15:41:02] ERROR: 409 - Duplicate value for field: student - /api/library-cards/apply - POST - ::1
[2026-04-03 15:41:03] ERROR: 409 - Duplicate value for field: student - /api/library-cards/apply - POST - ::1
[2026-04-03 15:41:03] ERROR: 409 - Duplicate value for field: student - /api/library-cards/apply - POST - ::1
[2026-04-03 15:41:03] ERROR: 409 - Duplicate value for field: student - /api/library-cards/apply - POST - ::1
[2026-04-03 15:41:26] ERROR: 409 - Duplicate value for field: student - /api/library-cards/apply - POST - ::1
[2026-04-03 15:41:29] ERROR: 409 - Duplicate value for field: student - /api/library-cards/apply - POST - ::1
[2026-04-03 15:42:17] ERROR: 409 - Duplicate value for field: student - /api/library-cards/apply - POST - ::1
[2026-04-03 15:43:32] ERROR: 409 - Duplicate value for field: student - /api/library-cards/apply - POST - ::1
[2026-04-03 15:45:30] ERROR: 409 - Duplicate value for field: student - /api/library-cards/apply - POST - ::1
[2026-04-03 15:45:38] ERROR: 409 - Duplicate value for field: student - /api/library-cards/apply - POST - ::1
[2026-04-03 15:45:43] ERROR: 409 - Duplicate value for field: student - /api/library-cards/apply - POST - ::1
[2026-04-03 15:45:43] ERROR: 409 - Duplicate value for field: student - /api/library-cards/apply - POST - ::1
[2026-04-03 15:45:44] ERROR: 409 - Duplicate value for field: student - /api/library-cards/apply - POST - ::1
[2026-04-03 15:45:44] ERROR: 409 - Duplicate value for field: student - /api/library-cards/apply - POST - ::1
[2026-04-03 15:45:44] ERROR: 409 - Duplicate value for field: student - /api/library-cards/apply - POST - ::1
[2026-04-03 15:45:45] ERROR: 409 - Duplicate value for field: student - /api/library-cards/apply - POST - ::1
[2026-04-03 15:45:45] ERROR: 409 - Duplicate value for field: student - /api/library-cards/apply - POST - ::1
[2026-04-03 15:45:45] ERROR: 409 - Duplicate value for field: student - /api/library-cards/apply - POST - ::1
[2026-04-03 15:45:46] ERROR: 409 - Duplicate value for field: student - /api/library-cards/apply - POST - ::1
[2026-04-03 18:48:08] ERROR: 409 - Duplicate value for field: student - /api/library-cards/apply - POST - ::1
[2026-04-03 18:48:10] ERROR: 409 - Duplicate value for field: student - /api/library-cards/apply - POST - ::1
[2026-04-03 18:48:10] ERROR: 409 - Duplicate value for field: student - /api/library-cards/apply - POST - ::1
[2026-04-03 18:48:10] ERROR: 409 - Duplicate value for field: student - /api/library-cards/apply - POST - ::1
[2026-04-03 18:48:11] ERROR: 409 - Duplicate value for field: student - /api/library-cards/apply - POST - ::1
[2026-04-03 18:48:48] ERROR: 409 - Duplicate value for field: student - /api/library-cards/apply - POST - ::1
[2026-04-03 18:48:49] ERROR: 409 - Duplicate value for field: student - /api/library-cards/apply - POST - ::1
[2026-04-03 18:48:49] ERROR: 409 - Duplicate value for field: student - /api/library-cards/apply - POST - ::1
[2026-04-03 18:48:50] ERROR: 409 - Duplicate value for field: student - /api/library-cards/apply - POST - ::1
[2026-04-03 18:48:50] ERROR: 409 - Duplicate value for field: student - /api/library-cards/apply - POST - ::1
[2026-04-03 18:48:50] ERROR: 409 - Duplicate value for field: student - /api/library-cards/apply - POST - ::1
[2026-04-03 18:48:51] ERROR: 409 - Duplicate value for field: student - /api/library-cards/apply - POST - ::1
[2026-04-03 18:48:51] ERROR: 409 - Duplicate value for field: student - /api/library-cards/apply - POST - ::1
[2026-04-03 18:48:52] ERROR: 409 - Duplicate value for field: student - /api/library-cards/apply - POST - ::1
[2026-04-04 13:09:53] ERROR: Uncaught Exception: listen EADDRINUSE: address already in use :::5000
[2026-04-04 13:11:05] ERROR: Uncaught Exception: listen EADDRINUSE: address already in use :::5000
[2026-04-04 13:27:50] ERROR: Uncaught Exception: listen EADDRINUSE: address already in use :::5000
[2026-04-04 13:28:01] ERROR: Uncaught Exception: listen EADDRINUSE: address already in use :::5000
[2026-04-04 13:29:13] ERROR: Uncaught Exception: listen EADDRINUSE: address already in use :::5000
[2026-04-04 13:33:29] ERROR: Uncaught Exception: listen EADDRINUSE: address already in use :::5000
[2026-04-04 13:35:04] ERROR: Uncaught Exception: listen EADDRINUSE: address already in use :::5000
[2026-04-04 13:36:27] ERROR: Uncaught Exception: listen EADDRINUSE: address already in use :::5000
[2026-04-04 13:44:56] ERROR: 409 - Duplicate value for field: student - /api/library-cards/apply - POST - ::1
[2026-04-04 13:44:57] ERROR: 409 - Duplicate value for field: student - /api/library-cards/apply - POST - ::1
[2026-04-04 13:45:02] ERROR: 409 - Duplicate value for field: student - /api/library-cards/apply - POST - ::1
[2026-04-04 13:45:03] ERROR: 409 - Duplicate value for field: student - /api/library-cards/apply - POST - ::1
[2026-04-04 13:45:03] ERROR: 409 - Duplicate value for field: student - /api/library-cards/apply - POST - ::1
[2026-04-04 18:05:01] ERROR: 409 - Duplicate value for field: student - /api/library-cards/apply - POST - ::1
[2026-04-04 18:05:09] ERROR: 409 - Duplicate value for field: student - /api/library-cards/apply - POST - ::1
[2026-04-04 18:06:09] ERROR: 409 - Duplicate value for field: student - /api/library-cards/apply - POST - ::1
[2026-04-04 18:07:48] ERROR: 409 - Duplicate value for field: student - /api/library-cards/apply - POST - ::1
